2025-05-14T10:43:50.549+05:30  INFO 1259 --- [LMSBackend] [main] c.M.LMSBackend.LmsBackendApplication     : Starting LmsBackendApplication using Java 21.0.4 with PID 1259 (/Users/varunbhutada/Desktop/LMS/LMSBackend/target/classes started by varunbhutada in /Users/varunbhutada/Desktop/LMS/LMSBackend)
2025-05-14T10:43:50.553+05:30  INFO 1259 --- [LMSBackend] [main] c.M.LMSBackend.LmsBackendApplication     : No active profile set, falling back to 1 default profile: "default"
2025-05-14T10:43:51.039+05:30  INFO 1259 --- [LMSBackend] [main] .s.d.r.c.RepositoryConfigurationDelegate : Bootstrapping Spring Data MongoDB repositories in DEFAULT mode.
2025-05-14T10:43:51.086+05:30  INFO 1259 --- [LMSBackend] [main] .s.d.r.c.RepositoryConfigurationDelegate : Finished Spring Data repository scanning in 43 ms. Found 6 MongoDB repository interfaces.
2025-05-14T10:43:51.366+05:30  INFO 1259 --- [LMSBackend] [main] o.s.b.w.embedded.tomcat.TomcatWebServer  : Tomcat initialized with port 8081 (http)
2025-05-14T10:43:51.374+05:30  INFO 1259 --- [LMSBackend] [main] o.apache.catalina.core.StandardService   : Starting service [Tomcat]
2025-05-14T10:43:51.374+05:30  INFO 1259 --- [LMSBackend] [main] o.apache.catalina.core.StandardEngine    : Starting Servlet engine: [Apache Tomcat/10.1.39]
2025-05-14T10:43:51.401+05:30  INFO 1259 --- [LMSBackend] [main] o.a.c.c.C.[Tomcat].[localhost].[/]       : Initializing Spring embedded WebApplicationContext
2025-05-14T10:43:51.401+05:30  INFO 1259 --- [LMSBackend] [main] w.s.c.ServletWebServerApplicationContext : Root WebApplicationContext: initialization completed in 821 ms
2025-05-14T10:43:52.624+05:30  INFO 1259 --- [LMSBackend] [main] org.mongodb.driver.client                : MongoClient with metadata {"application": {"name": "Cluster0"}, "driver": {"name": "mongo-java-driver|sync|spring-boot", "version": "5.2.1"}, "os": {"type": "Darwin", "name": "Mac OS X", "architecture": "aarch64", "version": "15.4.1"}, "platform": "Java/Oracle Corporation/21.0.4+8-LTS-274"} created with settings MongoClientSettings{readPreference=primary, writeConcern=WriteConcern{w=majority, wTimeout=null ms, journal=null}, retryWrites=true, retryReads=true, readConcern=ReadConcern{level=null}, credential=MongoCredential{mechanism=null, userName='techteam', source='admin', password=<hidden>, mechanismProperties=<hidden>}, transportSettings=null, commandListeners=[], codecRegistry=ProvidersCodecRegistry{codecProviders=[ValueCodecProvider{}, BsonValueCodecProvider{}, DBRefCodecProvider{}, DBObjectCodecProvider{}, DocumentCodecProvider{}, CollectionCodecProvider{}, IterableCodecProvider{}, MapCodecProvider{}, GeoJsonCodecProvider{}, GridFSFileCodecProvider{}, Jsr310CodecProvider{}, JsonObjectCodecProvider{}, BsonCodecProvider{}, EnumCodecProvider{}, com.mongodb.client.model.mql.ExpressionCodecProvider@51c65a43, com.mongodb.Jep395RecordCodecProvider@740dcae3, com.mongodb.KotlinCodecProvider@4e140497]}, loggerSettings=LoggerSettings{maxDocumentLength=1000}, clusterSettings={hosts=[127.0.0.1:27017], srvHost=cluster0.lkhn0mo.mongodb.net, srvServiceName=mongodb, mode=MULTIPLE, requiredClusterType=REPLICA_SET, requiredReplicaSetName='atlas-jzobop-shard-0', serverSelector='null', clusterListeners='[]', serverSelectionTimeout='30000 ms', localThreshold='15 ms'}, socketSettings=SocketSettings{connectTimeoutMS=10000, readTimeoutMS=0, receiveBufferSize=0, proxySettings=ProxySettings{host=null, port=null, username=null, password=null}}, heartbeatSocketSettings=SocketSettings{connectTimeoutMS=10000, readTimeoutMS=10000, receiveBufferSize=0, proxySettings=ProxySettings{host=null, port=null, username=null, password=null}}, connectionPoolSettings=ConnectionPoolSettings{maxSize=100, minSize=0, maxWaitTimeMS=120000, maxConnectionLifeTimeMS=0, maxConnectionIdleTimeMS=0, maintenanceInitialDelayMS=0, maintenanceFrequencyMS=60000, connectionPoolListeners=[], maxConnecting=2}, serverSettings=ServerSettings{heartbeatFrequencyMS=10000, minHeartbeatFrequencyMS=500, serverMonitoringMode=AUTO, serverListeners='[]', serverMonitorListeners='[]'}, sslSettings=SslSettings{enabled=true, invalidHostNameAllowed=false, context=null}, applicationName='Cluster0', compressorList=[], uuidRepresentation=JAVA_LEGACY, serverApi=null, autoEncryptionSettings=null, dnsClient=null, inetAddressResolver=null, contextProvider=null, timeoutMS=null}
2025-05-14T10:43:52.796+05:30  INFO 1259 --- [LMSBackend] [cluster-ClusterId{value='682426902851a146caa2943d', description='Cluster0'}-srv-cluster0.lkhn0mo.mongodb.net] org.mongodb.driver.cluster               : Adding discovered server ac-3vutvgc-shard-00-01.lkhn0mo.mongodb.net:27017 to client view of cluster
2025-05-14T10:43:52.809+05:30  INFO 1259 --- [LMSBackend] [cluster-ClusterId{value='682426902851a146caa2943d', description='Cluster0'}-srv-cluster0.lkhn0mo.mongodb.net] org.mongodb.driver.cluster               : Adding discovered server ac-3vutvgc-shard-00-02.lkhn0mo.mongodb.net:27017 to client view of cluster
2025-05-14T10:43:52.810+05:30  INFO 1259 --- [LMSBackend] [cluster-ClusterId{value='682426902851a146caa2943d', description='Cluster0'}-srv-cluster0.lkhn0mo.mongodb.net] org.mongodb.driver.cluster               : Adding discovered server ac-3vutvgc-shard-00-00.lkhn0mo.mongodb.net:27017 to client view of cluster
2025-05-14T10:43:52.907+05:30  INFO 1259 --- [LMSBackend] [main] eAuthenticationProviderManagerConfigurer : Global AuthenticationManager configured with AuthenticationProvider bean with name authenticationProvider
2025-05-14T10:43:52.907+05:30  WARN 1259 --- [LMSBackend] [main] r$InitializeUserDetailsManagerConfigurer : Global AuthenticationManager configured with an AuthenticationProvider bean. UserDetailsService beans will not be used by Spring Security for automatically configuring username/password login. Consider removing the AuthenticationProvider bean. Alternatively, consider using the UserDetailsService in a manually instantiated DaoAuthenticationProvider. If the current configuration is intentional, to turn off this warning, increase the logging level of 'org.springframework.security.config.annotation.authentication.configuration.InitializeUserDetailsBeanManagerConfigurer' to ERROR
2025-05-14T10:43:53.394+05:30  INFO 1259 --- [LMSBackend] [main] o.s.b.w.embedded.tomcat.TomcatWebServer  : Tomcat started on port 8081 (http) with context path '/'
2025-05-14T10:43:53.400+05:30  INFO 1259 --- [LMSBackend] [main] c.M.LMSBackend.LmsBackendApplication     : Started LmsBackendApplication in 3.124 seconds (process running for 3.357)
2025-05-14T10:43:55.543+05:30  INFO 1259 --- [LMSBackend] [cluster-ClusterId{value='682426902851a146caa2943d', description='Cluster0'}-ac-3vutvgc-shard-00-02.lkhn0mo.mongodb.net:27017] org.mongodb.driver.cluster               : Monitor thread successfully connected to server with description ServerDescription{address=ac-3vutvgc-shard-00-02.lkhn0mo.mongodb.net:27017, type=REPLICA_SET_PRIMARY, cryptd=false, state=CONNECTED, ok=true, minWireVersion=0, maxWireVersion=25, maxDocumentSize=16777216, logicalSessionTimeoutMinutes=30, roundTripTimeNanos=195647958, minRoundTripTimeNanos=0, setName='atlas-jzobop-shard-0', canonicalAddress=ac-3vutvgc-shard-00-02.lkhn0mo.mongodb.net:27017, hosts=[ac-3vutvgc-shard-00-00.lkhn0mo.mongodb.net:27017, ac-3vutvgc-shard-00-01.lkhn0mo.mongodb.net:27017, ac-3vutvgc-shard-00-02.lkhn0mo.mongodb.net:27017], passives=[], arbiters=[], primary='ac-3vutvgc-shard-00-02.lkhn0mo.mongodb.net:27017', tagSet=TagSet{[Tag{name='availabilityZone', value='aps1-az2'}, Tag{name='diskState', value='READY'}, Tag{name='nodeType', value='ELECTABLE'}, Tag{name='provider', value='AWS'}, Tag{name='region', value='AP_SOUTH_1'}, Tag{name='workloadType', value='OPERATIONAL'}]}, electionId=7fffffff0000000000000022, setVersion=1, topologyVersion=TopologyVersion{processId=682319fba4ef89cbef9f5a59, counter=6}, lastWriteDate=Wed May 14 10:43:54 IST 2025, lastUpdateTimeNanos=1177350441666}
2025-05-14T10:43:55.544+05:30  INFO 1259 --- [LMSBackend] [cluster-ClusterId{value='682426902851a146caa2943d', description='Cluster0'}-ac-3vutvgc-shard-00-02.lkhn0mo.mongodb.net:27017] org.mongodb.driver.cluster               : Discovered replica set primary ac-3vutvgc-shard-00-02.lkhn0mo.mongodb.net:27017 with max election id 7fffffff0000000000000022 and max set version 1
2025-05-14T10:43:56.380+05:30  INFO 1259 --- [LMSBackend] [cluster-ClusterId{value='682426902851a146caa2943d', description='Cluster0'}-ac-3vutvgc-shard-00-01.lkhn0mo.mongodb.net:27017] org.mongodb.driver.cluster               : Monitor thread successfully connected to server with description ServerDescription{address=ac-3vutvgc-shard-00-01.lkhn0mo.mongodb.net:27017, type=REPLICA_SET_SECONDARY, cryptd=false, state=CONNECTED, ok=true, minWireVersion=0, maxWireVersion=25, maxDocumentSize=16777216, logicalSessionTimeoutMinutes=30, roundTripTimeNanos=145426167, minRoundTripTimeNanos=0, setName='atlas-jzobop-shard-0', canonicalAddress=ac-3vutvgc-shard-00-01.lkhn0mo.mongodb.net:27017, hosts=[ac-3vutvgc-shard-00-00.lkhn0mo.mongodb.net:27017, ac-3vutvgc-shard-00-01.lkhn0mo.mongodb.net:27017, ac-3vutvgc-shard-00-02.lkhn0mo.mongodb.net:27017], passives=[], arbiters=[], primary='ac-3vutvgc-shard-00-02.lkhn0mo.mongodb.net:27017', tagSet=TagSet{[Tag{name='availabilityZone', value='aps1-az3'}, Tag{name='diskState', value='READY'}, Tag{name='nodeType', value='ELECTABLE'}, Tag{name='provider', value='AWS'}, Tag{name='region', value='AP_SOUTH_1'}, Tag{name='workloadType', value='OPERATIONAL'}]}, electionId=null, setVersion=1, topologyVersion=TopologyVersion{processId=68231b3b379fe710c32daa2e, counter=3}, lastWriteDate=Wed May 14 10:43:54 IST 2025, lastUpdateTimeNanos=1178189014125}
2025-05-14T10:43:56.471+05:30  INFO 1259 --- [LMSBackend] [cluster-ClusterId{value='682426902851a146caa2943d', description='Cluster0'}-ac-3vutvgc-shard-00-00.lkhn0mo.mongodb.net:27017] org.mongodb.driver.cluster               : Monitor thread successfully connected to server with description ServerDescription{address=ac-3vutvgc-shard-00-00.lkhn0mo.mongodb.net:27017, type=REPLICA_SET_SECONDARY, cryptd=false, state=CONNECTED, ok=true, minWireVersion=0, maxWireVersion=25, maxDocumentSize=16777216, logicalSessionTimeoutMinutes=30, roundTripTimeNanos=107643667, minRoundTripTimeNanos=0, setName='atlas-jzobop-shard-0', canonicalAddress=ac-3vutvgc-shard-00-00.lkhn0mo.mongodb.net:27017, hosts=[ac-3vutvgc-shard-00-00.lkhn0mo.mongodb.net:27017, ac-3vutvgc-shard-00-01.lkhn0mo.mongodb.net:27017, ac-3vutvgc-shard-00-02.lkhn0mo.mongodb.net:27017], passives=[], arbiters=[], primary='ac-3vutvgc-shard-00-02.lkhn0mo.mongodb.net:27017', tagSet=TagSet{[Tag{name='availabilityZone', value='aps1-az1'}, Tag{name='diskState', value='READY'}, Tag{name='nodeType', value='ELECTABLE'}, Tag{name='provider', value='AWS'}, Tag{name='region', value='AP_SOUTH_1'}, Tag{name='workloadType', value='OPERATIONAL'}]}, electionId=null, setVersion=1, topologyVersion=TopologyVersion{processId=682318a4b6a25b3ec451bea3, counter=4}, lastWriteDate=Wed May 14 10:43:54 IST 2025, lastUpdateTimeNanos=1178280232791}
2025-05-14T10:44:03.507+05:30  INFO 1259 --- [LMSBackend] [http-nio-8081-exec-1] o.a.c.c.C.[Tomcat].[localhost].[/]       : Initializing Spring DispatcherServlet 'dispatcherServlet'
2025-05-14T10:44:03.508+05:30  INFO 1259 --- [LMSBackend] [http-nio-8081-exec-1] o.s.web.servlet.DispatcherServlet        : Initializing Servlet 'dispatcherServlet'
2025-05-14T10:44:03.511+05:30  INFO 1259 --- [LMSBackend] [http-nio-8081-exec-1] o.s.web.servlet.DispatcherServlet        : Completed initialization in 2 ms
2025-05-14T10:44:04.012+05:30  INFO 1259 --- [LMSBackend] [http-nio-8081-exec-9] o.springdoc.api.AbstractOpenApiResource  : Init duration for springdoc-openapi is: 304 ms
2025-05-14T10:50:17.612+05:30  INFO 1259 --- [LMSBackend] [cluster-ClusterId{value='682426902851a146caa2943d', description='Cluster0'}-ac-3vutvgc-shard-00-00.lkhn0mo.mongodb.net:27017] org.mongodb.driver.cluster               : Exception in monitor thread while connecting to server ac-3vutvgc-shard-00-00.lkhn0mo.mongodb.net:27017

com.mongodb.MongoSocketReadException: Prematurely reached end of stream
	at com.mongodb.internal.connection.SocketStream.read(SocketStream.java:184) ~[mongodb-driver-core-5.2.1.jar:na]
	at com.mongodb.internal.connection.InternalStreamConnection.receiveResponseBuffers(InternalStreamConnection.java:829) ~[mongodb-driver-core-5.2.1.jar:na]
	at com.mongodb.internal.connection.InternalStreamConnection.receiveCommandMessageResponse(InternalStreamConnection.java:517) ~[mongodb-driver-core-5.2.1.jar:na]
	at com.mongodb.internal.connection.InternalStreamConnection.receive(InternalStreamConnection.java:469) ~[mongodb-driver-core-5.2.1.jar:na]
	at com.mongodb.internal.connection.DefaultServerMonitor$ServerMonitor.lookupServerDescription(DefaultServerMonitor.java:249) ~[mongodb-driver-core-5.2.1.jar:na]
	at com.mongodb.internal.connection.DefaultServerMonitor$ServerMonitor.run(DefaultServerMonitor.java:176) ~[mongodb-driver-core-5.2.1.jar:na]

2025-05-14T10:50:20.938+05:30  INFO 1259 --- [LMSBackend] [cluster-ClusterId{value='682426902851a146caa2943d', description='Cluster0'}-ac-3vutvgc-shard-00-00.lkhn0mo.mongodb.net:27017] org.mongodb.driver.cluster               : Exception in monitor thread while connecting to server ac-3vutvgc-shard-00-00.lkhn0mo.mongodb.net:27017

com.mongodb.MongoSocketOpenException: Exception opening socket
	at com.mongodb.internal.connection.SocketStream.lambda$open$0(SocketStream.java:85) ~[mongodb-driver-core-5.2.1.jar:na]
	at java.base/java.util.Optional.orElseThrow(Optional.java:403) ~[na:na]
	at com.mongodb.internal.connection.SocketStream.open(SocketStream.java:85) ~[mongodb-driver-core-5.2.1.jar:na]
	at com.mongodb.internal.connection.InternalStreamConnection.open(InternalStreamConnection.java:233) ~[mongodb-driver-core-5.2.1.jar:na]
	at com.mongodb.internal.connection.DefaultServerMonitor$ServerMonitor.lookupServerDescription(DefaultServerMonitor.java:219) ~[mongodb-driver-core-5.2.1.jar:na]
	at com.mongodb.internal.connection.DefaultServerMonitor$ServerMonitor.run(DefaultServerMonitor.java:176) ~[mongodb-driver-core-5.2.1.jar:na]
Caused by: java.net.ConnectException: Connection refused
	at java.base/sun.nio.ch.Net.pollConnect(Native Method) ~[na:na]
	at java.base/sun.nio.ch.Net.pollConnectNow(Net.java:682) ~[na:na]
	at java.base/sun.nio.ch.NioSocketImpl.timedFinishConnect(NioSocketImpl.java:549) ~[na:na]
	at java.base/sun.nio.ch.NioSocketImpl.connect(NioSocketImpl.java:592) ~[na:na]
	at java.base/java.net.SocksSocketImpl.connect(SocksSocketImpl.java:327) ~[na:na]
	at java.base/java.net.Socket.connect(Socket.java:751) ~[na:na]
	at java.base/sun.security.ssl.SSLSocketImpl.connect(SSLSocketImpl.java:304) ~[na:na]
	at com.mongodb.internal.connection.SocketStreamHelper.initialize(SocketStreamHelper.java:76) ~[mongodb-driver-core-5.2.1.jar:na]
	at com.mongodb.internal.connection.SocketStream.initializeSocket(SocketStream.java:104) ~[mongodb-driver-core-5.2.1.jar:na]
	at com.mongodb.internal.connection.SocketStream.open(SocketStream.java:79) ~[mongodb-driver-core-5.2.1.jar:na]
	... 3 common frames omitted

2025-05-14T10:51:57.244+05:30  INFO 1259 --- [LMSBackend] [cluster-ClusterId{value='682426902851a146caa2943d', description='Cluster0'}-ac-3vutvgc-shard-00-00.lkhn0mo.mongodb.net:27017] org.mongodb.driver.cluster               : Monitor thread successfully connected to server with description ServerDescription{address=ac-3vutvgc-shard-00-00.lkhn0mo.mongodb.net:27017, type=REPLICA_SET_SECONDARY, cryptd=false, state=CONNECTED, ok=true, minWireVersion=0, maxWireVersion=25, maxDocumentSize=16777216, logicalSessionTimeoutMinutes=30, roundTripTimeNanos=123323125, minRoundTripTimeNanos=0, setName='atlas-jzobop-shard-0', canonicalAddress=ac-3vutvgc-shard-00-00.lkhn0mo.mongodb.net:27017, hosts=[ac-3vutvgc-shard-00-00.lkhn0mo.mongodb.net:27017, ac-3vutvgc-shard-00-01.lkhn0mo.mongodb.net:27017, ac-3vutvgc-shard-00-02.lkhn0mo.mongodb.net:27017], passives=[], arbiters=[], primary='ac-3vutvgc-shard-00-02.lkhn0mo.mongodb.net:27017', tagSet=TagSet{[Tag{name='availabilityZone', value='aps1-az1'}, Tag{name='diskState', value='READY'}, Tag{name='nodeType', value='ELECTABLE'}, Tag{name='provider', value='AWS'}, Tag{name='region', value='AP_SOUTH_1'}, Tag{name='workloadType', value='OPERATIONAL'}]}, electionId=null, setVersion=1, topologyVersion=TopologyVersion{processId=6824285cf3eef22bd9a70422, counter=3}, lastWriteDate=Wed May 14 10:51:55 IST 2025, lastUpdateTimeNanos=1659065796916}
2025-05-14T10:54:32.743+05:30  INFO 1259 --- [LMSBackend] [cluster-ClusterId{value='682426902851a146caa2943d', description='Cluster0'}-ac-3vutvgc-shard-00-01.lkhn0mo.mongodb.net:27017] org.mongodb.driver.cluster               : Exception in monitor thread while connecting to server ac-3vutvgc-shard-00-01.lkhn0mo.mongodb.net:27017

com.mongodb.MongoNodeIsRecoveringException: Command failed with error 91 (ShutdownInProgress): 'The server is in quiesce mode and will shut down' on server ac-3vutvgc-shard-00-01.lkhn0mo.mongodb.net:27017. The full response is {"topologyVersion": {"processId": {"$oid": "68231b3b379fe710c32daa2e"}, "counter": 4}, "ok": 0.0, "errmsg": "The server is in quiesce mode and will shut down", "code": 91, "codeName": "ShutdownInProgress", "remainingQuiesceTimeMillis": 14998, "$clusterTime": {"clusterTime": {"$timestamp": {"t": 1747200270, "i": 2}}, "signature": {"hash": {"$binary": {"base64": "vyTWCDvM9I5Ee5AoWw+2VQ33na8=", "subType": "00"}}, "keyId": 7475289256114520069}}, "operationTime": {"$timestamp": {"t": 1747200270, "i": 2}}}
	at com.mongodb.internal.connection.ProtocolHelper.createSpecialException(ProtocolHelper.java:264) ~[mongodb-driver-core-5.2.1.jar:na]
	at com.mongodb.internal.connection.ProtocolHelper.getCommandFailureException(ProtocolHelper.java:206) ~[mongodb-driver-core-5.2.1.jar:na]
	at com.mongodb.internal.connection.InternalStreamConnection.receiveCommandMessageResponse(InternalStreamConnection.java:520) ~[mongodb-driver-core-5.2.1.jar:na]
	at com.mongodb.internal.connection.InternalStreamConnection.receive(InternalStreamConnection.java:469) ~[mongodb-driver-core-5.2.1.jar:na]
	at com.mongodb.internal.connection.DefaultServerMonitor$ServerMonitor.lookupServerDescription(DefaultServerMonitor.java:249) ~[mongodb-driver-core-5.2.1.jar:na]
	at com.mongodb.internal.connection.DefaultServerMonitor$ServerMonitor.run(DefaultServerMonitor.java:176) ~[mongodb-driver-core-5.2.1.jar:na]

2025-05-14T10:54:53.761+05:30  INFO 1259 --- [LMSBackend] [cluster-ClusterId{value='682426902851a146caa2943d', description='Cluster0'}-ac-3vutvgc-shard-00-01.lkhn0mo.mongodb.net:27017] org.mongodb.driver.cluster               : Exception in monitor thread while connecting to server ac-3vutvgc-shard-00-01.lkhn0mo.mongodb.net:27017

com.mongodb.MongoSocketReadTimeoutException: Timeout while receiving message
	at com.mongodb.internal.connection.InternalStreamConnection.createReadTimeoutException(InternalStreamConnection.java:824) ~[mongodb-driver-core-5.2.1.jar:na]
	at com.mongodb.internal.connection.InternalStreamConnection.translateReadException(InternalStreamConnection.java:812) ~[mongodb-driver-core-5.2.1.jar:na]
	at com.mongodb.internal.connection.InternalStreamConnection.receiveResponseBuffers(InternalStreamConnection.java:862) ~[mongodb-driver-core-5.2.1.jar:na]
	at com.mongodb.internal.connection.InternalStreamConnection.receiveCommandMessageResponse(InternalStreamConnection.java:517) ~[mongodb-driver-core-5.2.1.jar:na]
	at com.mongodb.internal.connection.InternalStreamConnection.sendAndReceiveInternal(InternalStreamConnection.java:448) ~[mongodb-driver-core-5.2.1.jar:na]
	at com.mongodb.internal.connection.InternalStreamConnection.lambda$sendAndReceive$0(InternalStreamConnection.java:375) ~[mongodb-driver-core-5.2.1.jar:na]
	at com.mongodb.internal.connection.InternalStreamConnection.sendAndReceive(InternalStreamConnection.java:378) ~[mongodb-driver-core-5.2.1.jar:na]
	at com.mongodb.internal.connection.CommandHelper.sendAndReceive(CommandHelper.java:100) ~[mongodb-driver-core-5.2.1.jar:na]
	at com.mongodb.internal.connection.CommandHelper.executeCommand(CommandHelper.java:49) ~[mongodb-driver-core-5.2.1.jar:na]
	at com.mongodb.internal.connection.InternalStreamConnectionInitializer.initializeConnectionDescription(InternalStreamConnectionInitializer.java:144) ~[mongodb-driver-core-5.2.1.jar:na]
	at com.mongodb.internal.connection.InternalStreamConnectionInitializer.startHandshake(InternalStreamConnectionInitializer.java:79) ~[mongodb-driver-core-5.2.1.jar:na]
	at com.mongodb.internal.connection.InternalStreamConnection.open(InternalStreamConnection.java:235) ~[mongodb-driver-core-5.2.1.jar:na]
	at com.mongodb.internal.connection.DefaultServerMonitor$ServerMonitor.lookupServerDescription(DefaultServerMonitor.java:219) ~[mongodb-driver-core-5.2.1.jar:na]
	at com.mongodb.internal.connection.DefaultServerMonitor$ServerMonitor.run(DefaultServerMonitor.java:176) ~[mongodb-driver-core-5.2.1.jar:na]
Caused by: java.net.SocketTimeoutException: Read timed out
	at java.base/sun.nio.ch.NioSocketImpl.timedRead(NioSocketImpl.java:278) ~[na:na]
	at java.base/sun.nio.ch.NioSocketImpl.implRead(NioSocketImpl.java:304) ~[na:na]
	at java.base/sun.nio.ch.NioSocketImpl.read(NioSocketImpl.java:346) ~[na:na]
	at java.base/sun.nio.ch.NioSocketImpl$1.read(NioSocketImpl.java:796) ~[na:na]
	at java.base/java.net.Socket$SocketInputStream.read(Socket.java:1099) ~[na:na]
	at java.base/sun.security.ssl.SSLSocketInputRecord.read(SSLSocketInputRecord.java:489) ~[na:na]
	at java.base/sun.security.ssl.SSLSocketInputRecord.readHeader(SSLSocketInputRecord.java:483) ~[na:na]
	at java.base/sun.security.ssl.SSLSocketInputRecord.bytesInCompletePacket(SSLSocketInputRecord.java:70) ~[na:na]
	at java.base/sun.security.ssl.SSLSocketImpl.readApplicationRecord(SSLSocketImpl.java:1461) ~[na:na]
	at java.base/sun.security.ssl.SSLSocketImpl$AppInputStream.read(SSLSocketImpl.java:1066) ~[na:na]
	at com.mongodb.internal.connection.SocketStream.read(SocketStream.java:182) ~[mongodb-driver-core-5.2.1.jar:na]
	at com.mongodb.internal.connection.InternalStreamConnection.receiveResponseBuffers(InternalStreamConnection.java:829) ~[mongodb-driver-core-5.2.1.jar:na]
	... 11 common frames omitted

2025-05-14T10:56:54.223+05:30  INFO 1259 --- [LMSBackend] [cluster-ClusterId{value='682426902851a146caa2943d', description='Cluster0'}-ac-3vutvgc-shard-00-01.lkhn0mo.mongodb.net:27017] org.mongodb.driver.cluster               : Exception in monitor thread while connecting to server ac-3vutvgc-shard-00-01.lkhn0mo.mongodb.net:27017

com.mongodb.MongoSocketOpenException: Exception opening socket
	at com.mongodb.internal.connection.SocketStream.lambda$open$0(SocketStream.java:85) ~[mongodb-driver-core-5.2.1.jar:na]
	at java.base/java.util.Optional.orElseThrow(Optional.java:403) ~[na:na]
	at com.mongodb.internal.connection.SocketStream.open(SocketStream.java:85) ~[mongodb-driver-core-5.2.1.jar:na]
	at com.mongodb.internal.connection.InternalStreamConnection.open(InternalStreamConnection.java:233) ~[mongodb-driver-core-5.2.1.jar:na]
	at com.mongodb.internal.connection.DefaultServerMonitor$ServerMonitor.lookupServerDescription(DefaultServerMonitor.java:219) ~[mongodb-driver-core-5.2.1.jar:na]
	at com.mongodb.internal.connection.DefaultServerMonitor$ServerMonitor.run(DefaultServerMonitor.java:176) ~[mongodb-driver-core-5.2.1.jar:na]
Caused by: java.net.SocketTimeoutException: Connect timed out
	at java.base/sun.nio.ch.NioSocketImpl.timedFinishConnect(NioSocketImpl.java:546) ~[na:na]
	at java.base/sun.nio.ch.NioSocketImpl.connect(NioSocketImpl.java:592) ~[na:na]
	at java.base/java.net.SocksSocketImpl.connect(SocksSocketImpl.java:327) ~[na:na]
	at java.base/java.net.Socket.connect(Socket.java:751) ~[na:na]
	at java.base/sun.security.ssl.SSLSocketImpl.connect(SSLSocketImpl.java:304) ~[na:na]
	at com.mongodb.internal.connection.SocketStreamHelper.initialize(SocketStreamHelper.java:76) ~[mongodb-driver-core-5.2.1.jar:na]
	at com.mongodb.internal.connection.SocketStream.initializeSocket(SocketStream.java:104) ~[mongodb-driver-core-5.2.1.jar:na]
	at com.mongodb.internal.connection.SocketStream.open(SocketStream.java:79) ~[mongodb-driver-core-5.2.1.jar:na]
	... 3 common frames omitted

2025-05-14T10:58:14.542+05:30  INFO 1259 --- [LMSBackend] [cluster-ClusterId{value='682426902851a146caa2943d', description='Cluster0'}-ac-3vutvgc-shard-00-01.lkhn0mo.mongodb.net:27017] org.mongodb.driver.cluster               : Monitor thread successfully connected to server with description ServerDescription{address=ac-3vutvgc-shard-00-01.lkhn0mo.mongodb.net:27017, type=REPLICA_SET_SECONDARY, cryptd=false, state=CONNECTED, ok=true, minWireVersion=0, maxWireVersion=25, maxDocumentSize=16777216, logicalSessionTimeoutMinutes=30, roundTripTimeNanos=112580541, minRoundTripTimeNanos=0, setName='atlas-jzobop-shard-0', canonicalAddress=ac-3vutvgc-shard-00-01.lkhn0mo.mongodb.net:27017, hosts=[ac-3vutvgc-shard-00-00.lkhn0mo.mongodb.net:27017, ac-3vutvgc-shard-00-01.lkhn0mo.mongodb.net:27017, ac-3vutvgc-shard-00-02.lkhn0mo.mongodb.net:27017], passives=[], arbiters=[], primary='ac-3vutvgc-shard-00-02.lkhn0mo.mongodb.net:27017', tagSet=TagSet{[Tag{name='availabilityZone', value='aps1-az3'}, Tag{name='diskState', value='READY'}, Tag{name='nodeType', value='ELECTABLE'}, Tag{name='provider', value='AWS'}, Tag{name='region', value='AP_SOUTH_1'}, Tag{name='workloadType', value='OPERATIONAL'}]}, electionId=null, setVersion=1, topologyVersion=TopologyVersion{processId=682429d087b591a2ee67e6ea, counter=3}, lastWriteDate=Wed May 14 10:58:14 IST 2025, lastUpdateTimeNanos=2036384322875}
2025-05-14T11:00:03.361+05:30  INFO 1259 --- [LMSBackend] [cluster-ClusterId{value='682426902851a146caa2943d', description='Cluster0'}-ac-3vutvgc-shard-00-00.lkhn0mo.mongodb.net:27017] org.mongodb.driver.cluster               : Monitor thread successfully connected to server with description ServerDescription{address=ac-3vutvgc-shard-00-00.lkhn0mo.mongodb.net:27017, type=REPLICA_SET_SECONDARY, cryptd=false, state=CONNECTED, ok=true, minWireVersion=0, maxWireVersion=25, maxDocumentSize=16777216, logicalSessionTimeoutMinutes=30, roundTripTimeNanos=43462649, minRoundTripTimeNanos=37465375, setName='atlas-jzobop-shard-0', canonicalAddress=ac-3vutvgc-shard-00-00.lkhn0mo.mongodb.net:27017, hosts=[ac-3vutvgc-shard-00-00.lkhn0mo.mongodb.net:27017, ac-3vutvgc-shard-00-01.lkhn0mo.mongodb.net:27017, ac-3vutvgc-shard-00-02.lkhn0mo.mongodb.net:27017], passives=[], arbiters=[], primary='null', tagSet=TagSet{[Tag{name='availabilityZone', value='aps1-az1'}, Tag{name='diskState', value='READY'}, Tag{name='nodeType', value='ELECTABLE'}, Tag{name='provider', value='AWS'}, Tag{name='region', value='AP_SOUTH_1'}, Tag{name='workloadType', value='OPERATIONAL'}]}, electionId=null, setVersion=1, topologyVersion=TopologyVersion{processId=6824285cf3eef22bd9a70422, counter=4}, lastWriteDate=Wed May 14 11:00:01 IST 2025, lastUpdateTimeNanos=2145206390333}
2025-05-14T11:00:03.361+05:30  INFO 1259 --- [LMSBackend] [cluster-ClusterId{value='682426902851a146caa2943d', description='Cluster0'}-ac-3vutvgc-shard-00-01.lkhn0mo.mongodb.net:27017] org.mongodb.driver.cluster               : Monitor thread successfully connected to server with description ServerDescription{address=ac-3vutvgc-shard-00-01.lkhn0mo.mongodb.net:27017, type=REPLICA_SET_SECONDARY, cryptd=false, state=CONNECTED, ok=true, minWireVersion=0, maxWireVersion=25, maxDocumentSize=16777216, logicalSessionTimeoutMinutes=30, roundTripTimeNanos=60680304, minRoundTripTimeNanos=35730292, setName='atlas-jzobop-shard-0', canonicalAddress=ac-3vutvgc-shard-00-01.lkhn0mo.mongodb.net:27017, hosts=[ac-3vutvgc-shard-00-00.lkhn0mo.mongodb.net:27017, ac-3vutvgc-shard-00-01.lkhn0mo.mongodb.net:27017, ac-3vutvgc-shard-00-02.lkhn0mo.mongodb.net:27017], passives=[], arbiters=[], primary='ac-3vutvgc-shard-00-01.lkhn0mo.mongodb.net:27017', tagSet=TagSet{[Tag{name='availabilityZone', value='aps1-az3'}, Tag{name='diskState', value='READY'}, Tag{name='nodeType', value='ELECTABLE'}, Tag{name='provider', value='AWS'}, Tag{name='region', value='AP_SOUTH_1'}, Tag{name='workloadType', value='OPERATIONAL'}]}, electionId=7fffffff0000000000000023, setVersion=1, topologyVersion=TopologyVersion{processId=682429d087b591a2ee67e6ea, counter=4}, lastWriteDate=Wed May 14 11:00:01 IST 2025, lastUpdateTimeNanos=2145206390333}
2025-05-14T11:00:03.361+05:30  INFO 1259 --- [LMSBackend] [cluster-ClusterId{value='682426902851a146caa2943d', description='Cluster0'}-ac-3vutvgc-shard-00-02.lkhn0mo.mongodb.net:27017] org.mongodb.driver.cluster               : Monitor thread successfully connected to server with description ServerDescription{address=ac-3vutvgc-shard-00-02.lkhn0mo.mongodb.net:27017, type=REPLICA_SET_OTHER, cryptd=false, state=CONNECTED, ok=true, minWireVersion=0, maxWireVersion=25, maxDocumentSize=16777216, logicalSessionTimeoutMinutes=30, roundTripTimeNanos=42712916, minRoundTripTimeNanos=39517917, setName='atlas-jzobop-shard-0', canonicalAddress=ac-3vutvgc-shard-00-02.lkhn0mo.mongodb.net:27017, hosts=[ac-3vutvgc-shard-00-00.lkhn0mo.mongodb.net:27017, ac-3vutvgc-shard-00-01.lkhn0mo.mongodb.net:27017, ac-3vutvgc-shard-00-02.lkhn0mo.mongodb.net:27017], passives=[], arbiters=[], primary='ac-3vutvgc-shard-00-02.lkhn0mo.mongodb.net:27017', tagSet=TagSet{[Tag{name='availabilityZone', value='aps1-az2'}, Tag{name='diskState', value='READY'}, Tag{name='nodeType', value='ELECTABLE'}, Tag{name='provider', value='AWS'}, Tag{name='region', value='AP_SOUTH_1'}, Tag{name='workloadType', value='OPERATIONAL'}]}, electionId=7fffffff0000000000000022, setVersion=1, topologyVersion=TopologyVersion{processId=682319fba4ef89cbef9f5a59, counter=7}, lastWriteDate=Wed May 14 11:00:01 IST 2025, lastUpdateTimeNanos=2145206401625}
2025-05-14T11:00:03.364+05:30  INFO 1259 --- [LMSBackend] [cluster-ClusterId{value='682426902851a146caa2943d', description='Cluster0'}-ac-3vutvgc-shard-00-02.lkhn0mo.mongodb.net:27017] org.mongodb.driver.cluster               : Monitor thread successfully connected to server with description ServerDescription{address=ac-3vutvgc-shard-00-02.lkhn0mo.mongodb.net:27017, type=REPLICA_SET_SECONDARY, cryptd=false, state=CONNECTED, ok=true, minWireVersion=0, maxWireVersion=25, maxDocumentSize=16777216, logicalSessionTimeoutMinutes=30, roundTripTimeNanos=42712916, minRoundTripTimeNanos=39517917, setName='atlas-jzobop-shard-0', canonicalAddress=ac-3vutvgc-shard-00-02.lkhn0mo.mongodb.net:27017, hosts=[ac-3vutvgc-shard-00-00.lkhn0mo.mongodb.net:27017, ac-3vutvgc-shard-00-01.lkhn0mo.mongodb.net:27017, ac-3vutvgc-shard-00-02.lkhn0mo.mongodb.net:27017], passives=[], arbiters=[], primary='null', tagSet=TagSet{[Tag{name='availabilityZone', value='aps1-az2'}, Tag{name='diskState', value='READY'}, Tag{name='nodeType', value='ELECTABLE'}, Tag{name='provider', value='AWS'}, Tag{name='region', value='AP_SOUTH_1'}, Tag{name='workloadType', value='OPERATIONAL'}]}, electionId=null, setVersion=1, topologyVersion=TopologyVersion{processId=682319fba4ef89cbef9f5a59, counter=8}, lastWriteDate=Wed May 14 11:00:01 IST 2025, lastUpdateTimeNanos=2145209722166}
2025-05-14T11:00:03.364+05:30  INFO 1259 --- [LMSBackend] [cluster-ClusterId{value='682426902851a146caa2943d', description='Cluster0'}-ac-3vutvgc-shard-00-01.lkhn0mo.mongodb.net:27017] org.mongodb.driver.cluster               : Monitor thread successfully connected to server with description ServerDescription{address=ac-3vutvgc-shard-00-01.lkhn0mo.mongodb.net:27017, type=REPLICA_SET_PRIMARY, cryptd=false, state=CONNECTED, ok=true, minWireVersion=0, maxWireVersion=25, maxDocumentSize=16777216, logicalSessionTimeoutMinutes=30, roundTripTimeNanos=60680304, minRoundTripTimeNanos=35730292, setName='atlas-jzobop-shard-0', canonicalAddress=ac-3vutvgc-shard-00-01.lkhn0mo.mongodb.net:27017, hosts=[ac-3vutvgc-shard-00-00.lkhn0mo.mongodb.net:27017, ac-3vutvgc-shard-00-01.lkhn0mo.mongodb.net:27017, ac-3vutvgc-shard-00-02.lkhn0mo.mongodb.net:27017], passives=[], arbiters=[], primary='ac-3vutvgc-shard-00-01.lkhn0mo.mongodb.net:27017', tagSet=TagSet{[Tag{name='availabilityZone', value='aps1-az3'}, Tag{name='diskState', value='READY'}, Tag{name='nodeType', value='ELECTABLE'}, Tag{name='provider', value='AWS'}, Tag{name='region', value='AP_SOUTH_1'}, Tag{name='workloadType', value='OPERATIONAL'}]}, electionId=7fffffff0000000000000023, setVersion=1, topologyVersion=TopologyVersion{processId=682429d087b591a2ee67e6ea, counter=6}, lastWriteDate=Wed May 14 11:00:03 IST 2025, lastUpdateTimeNanos=2145210268666}
2025-05-14T11:00:03.365+05:30  INFO 1259 --- [LMSBackend] [cluster-ClusterId{value='682426902851a146caa2943d', description='Cluster0'}-ac-3vutvgc-shard-00-01.lkhn0mo.mongodb.net:27017] org.mongodb.driver.cluster               : Discovered replica set primary ac-3vutvgc-shard-00-01.lkhn0mo.mongodb.net:27017 with max election id 7fffffff0000000000000023 and max set version 1
2025-05-14T11:00:03.472+05:30  INFO 1259 --- [LMSBackend] [cluster-ClusterId{value='682426902851a146caa2943d', description='Cluster0'}-ac-3vutvgc-shard-00-02.lkhn0mo.mongodb.net:27017] org.mongodb.driver.cluster               : Exception in monitor thread while connecting to server ac-3vutvgc-shard-00-02.lkhn0mo.mongodb.net:27017

com.mongodb.MongoNodeIsRecoveringException: Command failed with error 91 (ShutdownInProgress): 'The server is in quiesce mode and will shut down' on server ac-3vutvgc-shard-00-02.lkhn0mo.mongodb.net:27017. The full response is {"topologyVersion": {"processId": {"$oid": "682319fba4ef89cbef9f5a59"}, "counter": 10}, "ok": 0.0, "errmsg": "The server is in quiesce mode and will shut down", "code": 91, "codeName": "ShutdownInProgress", "remainingQuiesceTimeMillis": 14997, "$clusterTime": {"clusterTime": {"$timestamp": {"t": 1747200603, "i": 2}}, "signature": {"hash": {"$binary": {"base64": "FI5YNRcF/7CN+ToUEybluQwUveo=", "subType": "00"}}, "keyId": 7475289256114520069}}, "operationTime": {"$timestamp": {"t": 1747200603, "i": 2}}}
	at com.mongodb.internal.connection.ProtocolHelper.createSpecialException(ProtocolHelper.java:264) ~[mongodb-driver-core-5.2.1.jar:na]
	at com.mongodb.internal.connection.ProtocolHelper.getCommandFailureException(ProtocolHelper.java:206) ~[mongodb-driver-core-5.2.1.jar:na]
	at com.mongodb.internal.connection.InternalStreamConnection.receiveCommandMessageResponse(InternalStreamConnection.java:520) ~[mongodb-driver-core-5.2.1.jar:na]
	at com.mongodb.internal.connection.InternalStreamConnection.receive(InternalStreamConnection.java:469) ~[mongodb-driver-core-5.2.1.jar:na]
	at com.mongodb.internal.connection.DefaultServerMonitor$ServerMonitor.lookupServerDescription(DefaultServerMonitor.java:249) ~[mongodb-driver-core-5.2.1.jar:na]
	at com.mongodb.internal.connection.DefaultServerMonitor$ServerMonitor.run(DefaultServerMonitor.java:176) ~[mongodb-driver-core-5.2.1.jar:na]

2025-05-14T11:00:13.395+05:30  INFO 1259 --- [LMSBackend] [cluster-ClusterId{value='682426902851a146caa2943d', description='Cluster0'}-ac-3vutvgc-shard-00-00.lkhn0mo.mongodb.net:27017] org.mongodb.driver.cluster               : Monitor thread successfully connected to server with description ServerDescription{address=ac-3vutvgc-shard-00-00.lkhn0mo.mongodb.net:27017, type=REPLICA_SET_SECONDARY, cryptd=false, state=CONNECTED, ok=true, minWireVersion=0, maxWireVersion=25, maxDocumentSize=16777216, logicalSessionTimeoutMinutes=30, roundTripTimeNanos=41950385, minRoundTripTimeNanos=35901333, setName='atlas-jzobop-shard-0', canonicalAddress=ac-3vutvgc-shard-00-00.lkhn0mo.mongodb.net:27017, hosts=[ac-3vutvgc-shard-00-00.lkhn0mo.mongodb.net:27017, ac-3vutvgc-shard-00-01.lkhn0mo.mongodb.net:27017, ac-3vutvgc-shard-00-02.lkhn0mo.mongodb.net:27017], passives=[], arbiters=[], primary='ac-3vutvgc-shard-00-01.lkhn0mo.mongodb.net:27017', tagSet=TagSet{[Tag{name='availabilityZone', value='aps1-az1'}, Tag{name='diskState', value='READY'}, Tag{name='nodeType', value='ELECTABLE'}, Tag{name='provider', value='AWS'}, Tag{name='region', value='AP_SOUTH_1'}, Tag{name='workloadType', value='OPERATIONAL'}]}, electionId=null, setVersion=1, topologyVersion=TopologyVersion{processId=6824285cf3eef22bd9a70422, counter=4}, lastWriteDate=Wed May 14 11:00:08 IST 2025, lastUpdateTimeNanos=2155240805875}
2025-05-14T11:00:26.845+05:30  INFO 1259 --- [LMSBackend] [cluster-ClusterId{value='682426902851a146caa2943d', description='Cluster0'}-ac-3vutvgc-shard-00-02.lkhn0mo.mongodb.net:27017] org.mongodb.driver.cluster               : Exception in monitor thread while connecting to server ac-3vutvgc-shard-00-02.lkhn0mo.mongodb.net:27017

com.mongodb.MongoSocketReadTimeoutException: Timeout while receiving message
	at com.mongodb.internal.connection.InternalStreamConnection.createReadTimeoutException(InternalStreamConnection.java:824) ~[mongodb-driver-core-5.2.1.jar:na]
	at com.mongodb.internal.connection.InternalStreamConnection.translateReadException(InternalStreamConnection.java:812) ~[mongodb-driver-core-5.2.1.jar:na]
	at com.mongodb.internal.connection.InternalStreamConnection.receiveResponseBuffers(InternalStreamConnection.java:862) ~[mongodb-driver-core-5.2.1.jar:na]
	at com.mongodb.internal.connection.InternalStreamConnection.receiveCommandMessageResponse(InternalStreamConnection.java:517) ~[mongodb-driver-core-5.2.1.jar:na]
	at com.mongodb.internal.connection.InternalStreamConnection.sendAndReceiveInternal(InternalStreamConnection.java:448) ~[mongodb-driver-core-5.2.1.jar:na]
	at com.mongodb.internal.connection.InternalStreamConnection.lambda$sendAndReceive$0(InternalStreamConnection.java:375) ~[mongodb-driver-core-5.2.1.jar:na]
	at com.mongodb.internal.connection.InternalStreamConnection.sendAndReceive(InternalStreamConnection.java:378) ~[mongodb-driver-core-5.2.1.jar:na]
	at com.mongodb.internal.connection.CommandHelper.sendAndReceive(CommandHelper.java:100) ~[mongodb-driver-core-5.2.1.jar:na]
	at com.mongodb.internal.connection.CommandHelper.executeCommand(CommandHelper.java:49) ~[mongodb-driver-core-5.2.1.jar:na]
	at com.mongodb.internal.connection.InternalStreamConnectionInitializer.initializeConnectionDescription(InternalStreamConnectionInitializer.java:144) ~[mongodb-driver-core-5.2.1.jar:na]
	at com.mongodb.internal.connection.InternalStreamConnectionInitializer.startHandshake(InternalStreamConnectionInitializer.java:79) ~[mongodb-driver-core-5.2.1.jar:na]
	at com.mongodb.internal.connection.InternalStreamConnection.open(InternalStreamConnection.java:235) ~[mongodb-driver-core-5.2.1.jar:na]
	at com.mongodb.internal.connection.DefaultServerMonitor$ServerMonitor.lookupServerDescription(DefaultServerMonitor.java:219) ~[mongodb-driver-core-5.2.1.jar:na]
	at com.mongodb.internal.connection.DefaultServerMonitor$ServerMonitor.run(DefaultServerMonitor.java:176) ~[mongodb-driver-core-5.2.1.jar:na]
Caused by: java.net.SocketTimeoutException: Read timed out
	at java.base/sun.nio.ch.NioSocketImpl.timedRead(NioSocketImpl.java:278) ~[na:na]
	at java.base/sun.nio.ch.NioSocketImpl.implRead(NioSocketImpl.java:304) ~[na:na]
	at java.base/sun.nio.ch.NioSocketImpl.read(NioSocketImpl.java:346) ~[na:na]
	at java.base/sun.nio.ch.NioSocketImpl$1.read(NioSocketImpl.java:796) ~[na:na]
	at java.base/java.net.Socket$SocketInputStream.read(Socket.java:1099) ~[na:na]
	at java.base/sun.security.ssl.SSLSocketInputRecord.read(SSLSocketInputRecord.java:489) ~[na:na]
	at java.base/sun.security.ssl.SSLSocketInputRecord.readHeader(SSLSocketInputRecord.java:483) ~[na:na]
	at java.base/sun.security.ssl.SSLSocketInputRecord.bytesInCompletePacket(SSLSocketInputRecord.java:70) ~[na:na]
	at java.base/sun.security.ssl.SSLSocketImpl.readApplicationRecord(SSLSocketImpl.java:1461) ~[na:na]
	at java.base/sun.security.ssl.SSLSocketImpl$AppInputStream.read(SSLSocketImpl.java:1066) ~[na:na]
	at com.mongodb.internal.connection.SocketStream.read(SocketStream.java:182) ~[mongodb-driver-core-5.2.1.jar:na]
	at com.mongodb.internal.connection.InternalStreamConnection.receiveResponseBuffers(InternalStreamConnection.java:829) ~[mongodb-driver-core-5.2.1.jar:na]
	... 11 common frames omitted

2025-05-14T11:02:07.218+05:30  INFO 1259 --- [LMSBackend] [cluster-ClusterId{value='682426902851a146caa2943d', description='Cluster0'}-ac-3vutvgc-shard-00-02.lkhn0mo.mongodb.net:27017] org.mongodb.driver.cluster               : Exception in monitor thread while connecting to server ac-3vutvgc-shard-00-02.lkhn0mo.mongodb.net:27017

com.mongodb.MongoSocketOpenException: Exception opening socket
	at com.mongodb.internal.connection.SocketStream.lambda$open$0(SocketStream.java:85) ~[mongodb-driver-core-5.2.1.jar:na]
	at java.base/java.util.Optional.orElseThrow(Optional.java:403) ~[na:na]
	at com.mongodb.internal.connection.SocketStream.open(SocketStream.java:85) ~[mongodb-driver-core-5.2.1.jar:na]
	at com.mongodb.internal.connection.InternalStreamConnection.open(InternalStreamConnection.java:233) ~[mongodb-driver-core-5.2.1.jar:na]
	at com.mongodb.internal.connection.DefaultServerMonitor$ServerMonitor.lookupServerDescription(DefaultServerMonitor.java:219) ~[mongodb-driver-core-5.2.1.jar:na]
	at com.mongodb.internal.connection.DefaultServerMonitor$ServerMonitor.run(DefaultServerMonitor.java:176) ~[mongodb-driver-core-5.2.1.jar:na]
Caused by: java.net.SocketTimeoutException: Connect timed out
	at java.base/sun.nio.ch.NioSocketImpl.timedFinishConnect(NioSocketImpl.java:546) ~[na:na]
	at java.base/sun.nio.ch.NioSocketImpl.connect(NioSocketImpl.java:592) ~[na:na]
	at java.base/java.net.SocksSocketImpl.connect(SocksSocketImpl.java:327) ~[na:na]
	at java.base/java.net.Socket.connect(Socket.java:751) ~[na:na]
	at java.base/sun.security.ssl.SSLSocketImpl.connect(SSLSocketImpl.java:304) ~[na:na]
	at com.mongodb.internal.connection.SocketStreamHelper.initialize(SocketStreamHelper.java:76) ~[mongodb-driver-core-5.2.1.jar:na]
	at com.mongodb.internal.connection.SocketStream.initializeSocket(SocketStream.java:104) ~[mongodb-driver-core-5.2.1.jar:na]
	at com.mongodb.internal.connection.SocketStream.open(SocketStream.java:79) ~[mongodb-driver-core-5.2.1.jar:na]
	... 3 common frames omitted

2025-05-14T11:03:37.481+05:30  INFO 1259 --- [LMSBackend] [cluster-ClusterId{value='682426902851a146caa2943d', description='Cluster0'}-ac-3vutvgc-shard-00-02.lkhn0mo.mongodb.net:27017] org.mongodb.driver.cluster               : Monitor thread successfully connected to server with description ServerDescription{address=ac-3vutvgc-shard-00-02.lkhn0mo.mongodb.net:27017, type=REPLICA_SET_SECONDARY, cryptd=false, state=CONNECTED, ok=true, minWireVersion=0, maxWireVersion=25, maxDocumentSize=16777216, logicalSessionTimeoutMinutes=30, roundTripTimeNanos=108358209, minRoundTripTimeNanos=0, setName='atlas-jzobop-shard-0', canonicalAddress=ac-3vutvgc-shard-00-02.lkhn0mo.mongodb.net:27017, hosts=[ac-3vutvgc-shard-00-00.lkhn0mo.mongodb.net:27017, ac-3vutvgc-shard-00-01.lkhn0mo.mongodb.net:27017, ac-3vutvgc-shard-00-02.lkhn0mo.mongodb.net:27017], passives=[], arbiters=[], primary='ac-3vutvgc-shard-00-01.lkhn0mo.mongodb.net:27017', tagSet=TagSet{[Tag{name='availabilityZone', value='aps1-az2'}, Tag{name='diskState', value='READY'}, Tag{name='nodeType', value='ELECTABLE'}, Tag{name='provider', value='AWS'}, Tag{name='region', value='AP_SOUTH_1'}, Tag{name='workloadType', value='OPERATIONAL'}]}, electionId=null, setVersion=1, topologyVersion=TopologyVersion{processId=68242b1adb8fbfa87be25934, counter=3}, lastWriteDate=Wed May 14 11:03:37 IST 2025, lastUpdateTimeNanos=2359332861875}
2025-05-14T14:33:23.183+05:30  INFO 1259 --- [LMSBackend] [cluster-ClusterId{value='682426902851a146caa2943d', description='Cluster0'}-ac-3vutvgc-shard-00-01.lkhn0mo.mongodb.net:27017] org.mongodb.driver.cluster               : Exception in monitor thread while connecting to server ac-3vutvgc-shard-00-01.lkhn0mo.mongodb.net:27017

com.mongodb.MongoSocketReadTimeoutException: Timeout while receiving message
	at com.mongodb.internal.connection.InternalStreamConnection.createReadTimeoutException(InternalStreamConnection.java:824) ~[mongodb-driver-core-5.2.1.jar:na]
	at com.mongodb.internal.connection.InternalStreamConnection.translateReadException(InternalStreamConnection.java:812) ~[mongodb-driver-core-5.2.1.jar:na]
	at com.mongodb.internal.connection.InternalStreamConnection.receiveResponseBuffers(InternalStreamConnection.java:862) ~[mongodb-driver-core-5.2.1.jar:na]
	at com.mongodb.internal.connection.InternalStreamConnection.receiveCommandMessageResponse(InternalStreamConnection.java:517) ~[mongodb-driver-core-5.2.1.jar:na]
	at com.mongodb.internal.connection.InternalStreamConnection.receive(InternalStreamConnection.java:469) ~[mongodb-driver-core-5.2.1.jar:na]
	at com.mongodb.internal.connection.DefaultServerMonitor$ServerMonitor.lookupServerDescription(DefaultServerMonitor.java:249) ~[mongodb-driver-core-5.2.1.jar:na]
	at com.mongodb.internal.connection.DefaultServerMonitor$ServerMonitor.run(DefaultServerMonitor.java:176) ~[mongodb-driver-core-5.2.1.jar:na]
Caused by: java.net.SocketTimeoutException: Read timed out
	at java.base/sun.nio.ch.NioSocketImpl.timedRead(NioSocketImpl.java:278) ~[na:na]
	at java.base/sun.nio.ch.NioSocketImpl.implRead(NioSocketImpl.java:304) ~[na:na]
	at java.base/sun.nio.ch.NioSocketImpl.read(NioSocketImpl.java:346) ~[na:na]
	at java.base/sun.nio.ch.NioSocketImpl$1.read(NioSocketImpl.java:796) ~[na:na]
	at java.base/java.net.Socket$SocketInputStream.read(Socket.java:1099) ~[na:na]
	at java.base/sun.security.ssl.SSLSocketInputRecord.read(SSLSocketInputRecord.java:489) ~[na:na]
	at java.base/sun.security.ssl.SSLSocketInputRecord.readHeader(SSLSocketInputRecord.java:483) ~[na:na]
	at java.base/sun.security.ssl.SSLSocketInputRecord.bytesInCompletePacket(SSLSocketInputRecord.java:70) ~[na:na]
	at java.base/sun.security.ssl.SSLSocketImpl.readApplicationRecord(SSLSocketImpl.java:1461) ~[na:na]
	at java.base/sun.security.ssl.SSLSocketImpl$AppInputStream.read(SSLSocketImpl.java:1066) ~[na:na]
	at com.mongodb.internal.connection.SocketStream.read(SocketStream.java:182) ~[mongodb-driver-core-5.2.1.jar:na]
	at com.mongodb.internal.connection.InternalStreamConnection.receiveResponseBuffers(InternalStreamConnection.java:829) ~[mongodb-driver-core-5.2.1.jar:na]
	... 4 common frames omitted

2025-05-14T14:33:23.679+05:30  INFO 1259 --- [LMSBackend] [cluster-ClusterId{value='682426902851a146caa2943d', description='Cluster0'}-ac-3vutvgc-shard-00-01.lkhn0mo.mongodb.net:27017] org.mongodb.driver.cluster               : Monitor thread successfully connected to server with description ServerDescription{address=ac-3vutvgc-shard-00-01.lkhn0mo.mongodb.net:27017, type=REPLICA_SET_PRIMARY, cryptd=false, state=CONNECTED, ok=true, minWireVersion=0, maxWireVersion=25, maxDocumentSize=16777216, logicalSessionTimeoutMinutes=30, roundTripTimeNanos=165671916, minRoundTripTimeNanos=0, setName='atlas-jzobop-shard-0', canonicalAddress=ac-3vutvgc-shard-00-01.lkhn0mo.mongodb.net:27017, hosts=[ac-3vutvgc-shard-00-00.lkhn0mo.mongodb.net:27017, ac-3vutvgc-shard-00-01.lkhn0mo.mongodb.net:27017, ac-3vutvgc-shard-00-02.lkhn0mo.mongodb.net:27017], passives=[], arbiters=[], primary='ac-3vutvgc-shard-00-01.lkhn0mo.mongodb.net:27017', tagSet=TagSet{[Tag{name='availabilityZone', value='aps1-az3'}, Tag{name='diskState', value='READY'}, Tag{name='nodeType', value='ELECTABLE'}, Tag{name='provider', value='AWS'}, Tag{name='region', value='AP_SOUTH_1'}, Tag{name='workloadType', value='OPERATIONAL'}]}, electionId=7fffffff0000000000000023, setVersion=1, topologyVersion=TopologyVersion{processId=682429d087b591a2ee67e6ea, counter=6}, lastWriteDate=Wed May 14 14:33:21 IST 2025, lastUpdateTimeNanos=13895779302458}
2025-05-14T14:33:23.681+05:30  INFO 1259 --- [LMSBackend] [cluster-ClusterId{value='682426902851a146caa2943d', description='Cluster0'}-ac-3vutvgc-shard-00-01.lkhn0mo.mongodb.net:27017] org.mongodb.driver.cluster               : Discovered replica set primary ac-3vutvgc-shard-00-01.lkhn0mo.mongodb.net:27017 with max election id 7fffffff0000000000000023 and max set version 1
2025-05-14T14:33:23.704+05:30  INFO 1259 --- [LMSBackend] [cluster-ClusterId{value='682426902851a146caa2943d', description='Cluster0'}-ac-3vutvgc-shard-00-00.lkhn0mo.mongodb.net:27017] org.mongodb.driver.cluster               : Exception in monitor thread while connecting to server ac-3vutvgc-shard-00-00.lkhn0mo.mongodb.net:27017

com.mongodb.MongoSocketReadTimeoutException: Timeout while receiving message
	at com.mongodb.internal.connection.InternalStreamConnection.createReadTimeoutException(InternalStreamConnection.java:824) ~[mongodb-driver-core-5.2.1.jar:na]
	at com.mongodb.internal.connection.InternalStreamConnection.translateReadException(InternalStreamConnection.java:812) ~[mongodb-driver-core-5.2.1.jar:na]
	at com.mongodb.internal.connection.InternalStreamConnection.receiveResponseBuffers(InternalStreamConnection.java:862) ~[mongodb-driver-core-5.2.1.jar:na]
	at com.mongodb.internal.connection.InternalStreamConnection.receiveCommandMessageResponse(InternalStreamConnection.java:517) ~[mongodb-driver-core-5.2.1.jar:na]
	at com.mongodb.internal.connection.InternalStreamConnection.receive(InternalStreamConnection.java:469) ~[mongodb-driver-core-5.2.1.jar:na]
	at com.mongodb.internal.connection.DefaultServerMonitor$ServerMonitor.lookupServerDescription(DefaultServerMonitor.java:249) ~[mongodb-driver-core-5.2.1.jar:na]
	at com.mongodb.internal.connection.DefaultServerMonitor$ServerMonitor.run(DefaultServerMonitor.java:176) ~[mongodb-driver-core-5.2.1.jar:na]
Caused by: java.net.SocketTimeoutException: Read timed out
	at java.base/sun.nio.ch.NioSocketImpl.timedRead(NioSocketImpl.java:278) ~[na:na]
	at java.base/sun.nio.ch.NioSocketImpl.implRead(NioSocketImpl.java:304) ~[na:na]
	at java.base/sun.nio.ch.NioSocketImpl.read(NioSocketImpl.java:346) ~[na:na]
	at java.base/sun.nio.ch.NioSocketImpl$1.read(NioSocketImpl.java:796) ~[na:na]
	at java.base/java.net.Socket$SocketInputStream.read(Socket.java:1099) ~[na:na]
	at java.base/sun.security.ssl.SSLSocketInputRecord.read(SSLSocketInputRecord.java:489) ~[na:na]
	at java.base/sun.security.ssl.SSLSocketInputRecord.readHeader(SSLSocketInputRecord.java:483) ~[na:na]
	at java.base/sun.security.ssl.SSLSocketInputRecord.bytesInCompletePacket(SSLSocketInputRecord.java:70) ~[na:na]
	at java.base/sun.security.ssl.SSLSocketImpl.readApplicationRecord(SSLSocketImpl.java:1461) ~[na:na]
	at java.base/sun.security.ssl.SSLSocketImpl$AppInputStream.read(SSLSocketImpl.java:1066) ~[na:na]
	at com.mongodb.internal.connection.SocketStream.read(SocketStream.java:182) ~[mongodb-driver-core-5.2.1.jar:na]
	at com.mongodb.internal.connection.InternalStreamConnection.receiveResponseBuffers(InternalStreamConnection.java:829) ~[mongodb-driver-core-5.2.1.jar:na]
	... 4 common frames omitted

2025-05-14T14:33:24.048+05:30  INFO 1259 --- [LMSBackend] [cluster-ClusterId{value='682426902851a146caa2943d', description='Cluster0'}-ac-3vutvgc-shard-00-00.lkhn0mo.mongodb.net:27017] org.mongodb.driver.cluster               : Monitor thread successfully connected to server with description ServerDescription{address=ac-3vutvgc-shard-00-00.lkhn0mo.mongodb.net:27017, type=REPLICA_SET_SECONDARY, cryptd=false, state=CONNECTED, ok=true, minWireVersion=0, maxWireVersion=25, maxDocumentSize=16777216, logicalSessionTimeoutMinutes=30, roundTripTimeNanos=122431792, minRoundTripTimeNanos=0, setName='atlas-jzobop-shard-0', canonicalAddress=ac-3vutvgc-shard-00-00.lkhn0mo.mongodb.net:27017, hosts=[ac-3vutvgc-shard-00-00.lkhn0mo.mongodb.net:27017, ac-3vutvgc-shard-00-01.lkhn0mo.mongodb.net:27017, ac-3vutvgc-shard-00-02.lkhn0mo.mongodb.net:27017], passives=[], arbiters=[], primary='ac-3vutvgc-shard-00-01.lkhn0mo.mongodb.net:27017', tagSet=TagSet{[Tag{name='availabilityZone', value='aps1-az1'}, Tag{name='diskState', value='READY'}, Tag{name='nodeType', value='ELECTABLE'}, Tag{name='provider', value='AWS'}, Tag{name='region', value='AP_SOUTH_1'}, Tag{name='workloadType', value='OPERATIONAL'}]}, electionId=null, setVersion=1, topologyVersion=TopologyVersion{processId=6824285cf3eef22bd9a70422, counter=4}, lastWriteDate=Wed May 14 14:33:21 IST 2025, lastUpdateTimeNanos=13896160740625}
2025-05-14T14:33:26.447+05:30  INFO 1259 --- [LMSBackend] [cluster-ClusterId{value='682426902851a146caa2943d', description='Cluster0'}-ac-3vutvgc-shard-00-02.lkhn0mo.mongodb.net:27017] org.mongodb.driver.cluster               : Exception in monitor thread while connecting to server ac-3vutvgc-shard-00-02.lkhn0mo.mongodb.net:27017

com.mongodb.MongoSocketReadTimeoutException: Timeout while receiving message
	at com.mongodb.internal.connection.InternalStreamConnection.createReadTimeoutException(InternalStreamConnection.java:824) ~[mongodb-driver-core-5.2.1.jar:na]
	at com.mongodb.internal.connection.InternalStreamConnection.translateReadException(InternalStreamConnection.java:812) ~[mongodb-driver-core-5.2.1.jar:na]
	at com.mongodb.internal.connection.InternalStreamConnection.receiveResponseBuffers(InternalStreamConnection.java:862) ~[mongodb-driver-core-5.2.1.jar:na]
	at com.mongodb.internal.connection.InternalStreamConnection.receiveCommandMessageResponse(InternalStreamConnection.java:517) ~[mongodb-driver-core-5.2.1.jar:na]
	at com.mongodb.internal.connection.InternalStreamConnection.receive(InternalStreamConnection.java:469) ~[mongodb-driver-core-5.2.1.jar:na]
	at com.mongodb.internal.connection.DefaultServerMonitor$ServerMonitor.lookupServerDescription(DefaultServerMonitor.java:249) ~[mongodb-driver-core-5.2.1.jar:na]
	at com.mongodb.internal.connection.DefaultServerMonitor$ServerMonitor.run(DefaultServerMonitor.java:176) ~[mongodb-driver-core-5.2.1.jar:na]
Caused by: java.net.SocketTimeoutException: Read timed out
	at java.base/sun.nio.ch.NioSocketImpl.timedRead(NioSocketImpl.java:278) ~[na:na]
	at java.base/sun.nio.ch.NioSocketImpl.implRead(NioSocketImpl.java:304) ~[na:na]
	at java.base/sun.nio.ch.NioSocketImpl.read(NioSocketImpl.java:346) ~[na:na]
	at java.base/sun.nio.ch.NioSocketImpl$1.read(NioSocketImpl.java:796) ~[na:na]
	at java.base/java.net.Socket$SocketInputStream.read(Socket.java:1099) ~[na:na]
	at java.base/sun.security.ssl.SSLSocketInputRecord.read(SSLSocketInputRecord.java:489) ~[na:na]
	at java.base/sun.security.ssl.SSLSocketInputRecord.readHeader(SSLSocketInputRecord.java:483) ~[na:na]
	at java.base/sun.security.ssl.SSLSocketInputRecord.bytesInCompletePacket(SSLSocketInputRecord.java:70) ~[na:na]
	at java.base/sun.security.ssl.SSLSocketImpl.readApplicationRecord(SSLSocketImpl.java:1461) ~[na:na]
	at java.base/sun.security.ssl.SSLSocketImpl$AppInputStream.read(SSLSocketImpl.java:1066) ~[na:na]
	at com.mongodb.internal.connection.SocketStream.read(SocketStream.java:182) ~[mongodb-driver-core-5.2.1.jar:na]
	at com.mongodb.internal.connection.InternalStreamConnection.receiveResponseBuffers(InternalStreamConnection.java:829) ~[mongodb-driver-core-5.2.1.jar:na]
	... 4 common frames omitted

2025-05-14T14:33:27.501+05:30  INFO 1259 --- [LMSBackend] [cluster-ClusterId{value='682426902851a146caa2943d', description='Cluster0'}-ac-3vutvgc-shard-00-02.lkhn0mo.mongodb.net:27017] org.mongodb.driver.cluster               : Monitor thread successfully connected to server with description ServerDescription{address=ac-3vutvgc-shard-00-02.lkhn0mo.mongodb.net:27017, type=REPLICA_SET_SECONDARY, cryptd=false, state=CONNECTED, ok=true, minWireVersion=0, maxWireVersion=25, maxDocumentSize=16777216, logicalSessionTimeoutMinutes=30, roundTripTimeNanos=123545458, minRoundTripTimeNanos=0, setName='atlas-jzobop-shard-0', canonicalAddress=ac-3vutvgc-shard-00-02.lkhn0mo.mongodb.net:27017, hosts=[ac-3vutvgc-shard-00-00.lkhn0mo.mongodb.net:27017, ac-3vutvgc-shard-00-01.lkhn0mo.mongodb.net:27017, ac-3vutvgc-shard-00-02.lkhn0mo.mongodb.net:27017], passives=[], arbiters=[], primary='ac-3vutvgc-shard-00-01.lkhn0mo.mongodb.net:27017', tagSet=TagSet{[Tag{name='availabilityZone', value='aps1-az2'}, Tag{name='diskState', value='READY'}, Tag{name='nodeType', value='ELECTABLE'}, Tag{name='provider', value='AWS'}, Tag{name='region', value='AP_SOUTH_1'}, Tag{name='workloadType', value='OPERATIONAL'}]}, electionId=null, setVersion=1, topologyVersion=TopologyVersion{processId=68242b1adb8fbfa87be25934, counter=3}, lastWriteDate=Wed May 14 14:33:21 IST 2025, lastUpdateTimeNanos=13899613569750}
2025-05-14T14:35:59.552+05:30  INFO 1259 --- [LMSBackend] [cluster-ClusterId{value='682426902851a146caa2943d', description='Cluster0'}-ac-3vutvgc-shard-00-02.lkhn0mo.mongodb.net:27017] org.mongodb.driver.cluster               : Exception in monitor thread while connecting to server ac-3vutvgc-shard-00-02.lkhn0mo.mongodb.net:27017

com.mongodb.MongoSocketReadTimeoutException: Timeout while receiving message
	at com.mongodb.internal.connection.InternalStreamConnection.createReadTimeoutException(InternalStreamConnection.java:824) ~[mongodb-driver-core-5.2.1.jar:na]
	at com.mongodb.internal.connection.InternalStreamConnection.translateReadException(InternalStreamConnection.java:812) ~[mongodb-driver-core-5.2.1.jar:na]
	at com.mongodb.internal.connection.InternalStreamConnection.receiveResponseBuffers(InternalStreamConnection.java:862) ~[mongodb-driver-core-5.2.1.jar:na]
	at com.mongodb.internal.connection.InternalStreamConnection.receiveCommandMessageResponse(InternalStreamConnection.java:517) ~[mongodb-driver-core-5.2.1.jar:na]
	at com.mongodb.internal.connection.InternalStreamConnection.receive(InternalStreamConnection.java:469) ~[mongodb-driver-core-5.2.1.jar:na]
	at com.mongodb.internal.connection.DefaultServerMonitor$ServerMonitor.lookupServerDescription(DefaultServerMonitor.java:249) ~[mongodb-driver-core-5.2.1.jar:na]
	at com.mongodb.internal.connection.DefaultServerMonitor$ServerMonitor.run(DefaultServerMonitor.java:176) ~[mongodb-driver-core-5.2.1.jar:na]
Caused by: java.net.SocketTimeoutException: Read timed out
	at java.base/sun.nio.ch.NioSocketImpl.timedRead(NioSocketImpl.java:278) ~[na:na]
	at java.base/sun.nio.ch.NioSocketImpl.implRead(NioSocketImpl.java:304) ~[na:na]
	at java.base/sun.nio.ch.NioSocketImpl.read(NioSocketImpl.java:346) ~[na:na]
	at java.base/sun.nio.ch.NioSocketImpl$1.read(NioSocketImpl.java:796) ~[na:na]
	at java.base/java.net.Socket$SocketInputStream.read(Socket.java:1099) ~[na:na]
	at java.base/sun.security.ssl.SSLSocketInputRecord.read(SSLSocketInputRecord.java:489) ~[na:na]
	at java.base/sun.security.ssl.SSLSocketInputRecord.readHeader(SSLSocketInputRecord.java:483) ~[na:na]
	at java.base/sun.security.ssl.SSLSocketInputRecord.bytesInCompletePacket(SSLSocketInputRecord.java:70) ~[na:na]
	at java.base/sun.security.ssl.SSLSocketImpl.readApplicationRecord(SSLSocketImpl.java:1461) ~[na:na]
	at java.base/sun.security.ssl.SSLSocketImpl$AppInputStream.read(SSLSocketImpl.java:1066) ~[na:na]
	at com.mongodb.internal.connection.SocketStream.read(SocketStream.java:182) ~[mongodb-driver-core-5.2.1.jar:na]
	at com.mongodb.internal.connection.InternalStreamConnection.receiveResponseBuffers(InternalStreamConnection.java:829) ~[mongodb-driver-core-5.2.1.jar:na]
	... 4 common frames omitted

2025-05-14T14:35:59.678+05:30  INFO 1259 --- [LMSBackend] [cluster-ClusterId{value='682426902851a146caa2943d', description='Cluster0'}-ac-3vutvgc-shard-00-02.lkhn0mo.mongodb.net:27017] org.mongodb.driver.cluster               : Monitor thread successfully connected to server with description ServerDescription{address=ac-3vutvgc-shard-00-02.lkhn0mo.mongodb.net:27017, type=REPLICA_SET_SECONDARY, cryptd=false, state=CONNECTED, ok=true, minWireVersion=0, maxWireVersion=25, maxDocumentSize=16777216, logicalSessionTimeoutMinutes=30, roundTripTimeNanos=77957750, minRoundTripTimeNanos=0, setName='atlas-jzobop-shard-0', canonicalAddress=ac-3vutvgc-shard-00-02.lkhn0mo.mongodb.net:27017, hosts=[ac-3vutvgc-shard-00-00.lkhn0mo.mongodb.net:27017, ac-3vutvgc-shard-00-01.lkhn0mo.mongodb.net:27017, ac-3vutvgc-shard-00-02.lkhn0mo.mongodb.net:27017], passives=[], arbiters=[], primary='ac-3vutvgc-shard-00-01.lkhn0mo.mongodb.net:27017', tagSet=TagSet{[Tag{name='availabilityZone', value='aps1-az2'}, Tag{name='diskState', value='READY'}, Tag{name='nodeType', value='ELECTABLE'}, Tag{name='provider', value='AWS'}, Tag{name='region', value='AP_SOUTH_1'}, Tag{name='workloadType', value='OPERATIONAL'}]}, electionId=null, setVersion=1, topologyVersion=TopologyVersion{processId=68242b1adb8fbfa87be25934, counter=3}, lastWriteDate=Wed May 14 14:35:48 IST 2025, lastUpdateTimeNanos=13919747301500}
2025-05-14T18:32:51.259+05:30  INFO 1259 --- [LMSBackend] [cluster-ClusterId{value='682426902851a146caa2943d', description='Cluster0'}-ac-3vutvgc-shard-00-02.lkhn0mo.mongodb.net:27017] org.mongodb.driver.cluster               : Exception in monitor thread while connecting to server ac-3vutvgc-shard-00-02.lkhn0mo.mongodb.net:27017

com.mongodb.MongoSocketReadTimeoutException: Timeout while receiving message
	at com.mongodb.internal.connection.InternalStreamConnection.createReadTimeoutException(InternalStreamConnection.java:824) ~[mongodb-driver-core-5.2.1.jar:na]
	at com.mongodb.internal.connection.InternalStreamConnection.translateReadException(InternalStreamConnection.java:812) ~[mongodb-driver-core-5.2.1.jar:na]
	at com.mongodb.internal.connection.InternalStreamConnection.receiveResponseBuffers(InternalStreamConnection.java:862) ~[mongodb-driver-core-5.2.1.jar:na]
	at com.mongodb.internal.connection.InternalStreamConnection.receiveCommandMessageResponse(InternalStreamConnection.java:517) ~[mongodb-driver-core-5.2.1.jar:na]
	at com.mongodb.internal.connection.InternalStreamConnection.receive(InternalStreamConnection.java:469) ~[mongodb-driver-core-5.2.1.jar:na]
	at com.mongodb.internal.connection.DefaultServerMonitor$ServerMonitor.lookupServerDescription(DefaultServerMonitor.java:249) ~[mongodb-driver-core-5.2.1.jar:na]
	at com.mongodb.internal.connection.DefaultServerMonitor$ServerMonitor.run(DefaultServerMonitor.java:176) ~[mongodb-driver-core-5.2.1.jar:na]
Caused by: java.net.SocketTimeoutException: Read timed out
	at java.base/sun.nio.ch.NioSocketImpl.timedRead(NioSocketImpl.java:278) ~[na:na]
	at java.base/sun.nio.ch.NioSocketImpl.implRead(NioSocketImpl.java:304) ~[na:na]
	at java.base/sun.nio.ch.NioSocketImpl.read(NioSocketImpl.java:346) ~[na:na]
	at java.base/sun.nio.ch.NioSocketImpl$1.read(NioSocketImpl.java:796) ~[na:na]
	at java.base/java.net.Socket$SocketInputStream.read(Socket.java:1099) ~[na:na]
	at java.base/sun.security.ssl.SSLSocketInputRecord.read(SSLSocketInputRecord.java:489) ~[na:na]
	at java.base/sun.security.ssl.SSLSocketInputRecord.readHeader(SSLSocketInputRecord.java:483) ~[na:na]
	at java.base/sun.security.ssl.SSLSocketInputRecord.bytesInCompletePacket(SSLSocketInputRecord.java:70) ~[na:na]
	at java.base/sun.security.ssl.SSLSocketImpl.readApplicationRecord(SSLSocketImpl.java:1461) ~[na:na]
	at java.base/sun.security.ssl.SSLSocketImpl$AppInputStream.read(SSLSocketImpl.java:1066) ~[na:na]
	at com.mongodb.internal.connection.SocketStream.read(SocketStream.java:182) ~[mongodb-driver-core-5.2.1.jar:na]
	at com.mongodb.internal.connection.InternalStreamConnection.receiveResponseBuffers(InternalStreamConnection.java:829) ~[mongodb-driver-core-5.2.1.jar:na]
	... 4 common frames omitted

2025-05-14T18:32:51.483+05:30  INFO 1259 --- [LMSBackend] [cluster-ClusterId{value='682426902851a146caa2943d', description='Cluster0'}-ac-3vutvgc-shard-00-02.lkhn0mo.mongodb.net:27017] org.mongodb.driver.cluster               : Exception in monitor thread while connecting to server ac-3vutvgc-shard-00-02.lkhn0mo.mongodb.net:27017

com.mongodb.MongoSocketException: ac-3vutvgc-shard-00-02.lkhn0mo.mongodb.net: nodename nor servname provided, or not known
	at com.mongodb.internal.connection.ServerAddressHelper.getSocketAddresses(ServerAddressHelper.java:75) ~[mongodb-driver-core-5.2.1.jar:na]
	at com.mongodb.internal.connection.SocketStream.initializeSocket(SocketStream.java:100) ~[mongodb-driver-core-5.2.1.jar:na]
	at com.mongodb.internal.connection.SocketStream.open(SocketStream.java:79) ~[mongodb-driver-core-5.2.1.jar:na]
	at com.mongodb.internal.connection.InternalStreamConnection.open(InternalStreamConnection.java:233) ~[mongodb-driver-core-5.2.1.jar:na]
	at com.mongodb.internal.connection.DefaultServerMonitor$ServerMonitor.lookupServerDescription(DefaultServerMonitor.java:219) ~[mongodb-driver-core-5.2.1.jar:na]
	at com.mongodb.internal.connection.DefaultServerMonitor$ServerMonitor.run(DefaultServerMonitor.java:176) ~[mongodb-driver-core-5.2.1.jar:na]
Caused by: java.net.UnknownHostException: ac-3vutvgc-shard-00-02.lkhn0mo.mongodb.net: nodename nor servname provided, or not known
	at java.base/java.net.Inet6AddressImpl.lookupAllHostAddr(Native Method) ~[na:na]
	at java.base/java.net.Inet6AddressImpl.lookupAllHostAddr(Inet6AddressImpl.java:52) ~[na:na]
	at java.base/java.net.InetAddress$PlatformResolver.lookupByName(InetAddress.java:1211) ~[na:na]
	at java.base/java.net.InetAddress.getAddressesFromNameService(InetAddress.java:1828) ~[na:na]
	at java.base/java.net.InetAddress$NameServiceAddresses.get(InetAddress.java:1139) ~[na:na]
	at java.base/java.net.InetAddress.getAllByName0(InetAddress.java:1818) ~[na:na]
	at java.base/java.net.InetAddress.getAllByName(InetAddress.java:1688) ~[na:na]
	at com.mongodb.internal.connection.DefaultInetAddressResolver.lookupByName(DefaultInetAddressResolver.java:34) ~[mongodb-driver-core-5.2.1.jar:na]
	at com.mongodb.internal.connection.ServerAddressHelper.getSocketAddresses(ServerAddressHelper.java:71) ~[mongodb-driver-core-5.2.1.jar:na]
	... 5 common frames omitted

2025-05-14T18:32:55.593+05:30  INFO 1259 --- [LMSBackend] [cluster-ClusterId{value='682426902851a146caa2943d', description='Cluster0'}-ac-3vutvgc-shard-00-01.lkhn0mo.mongodb.net:27017] org.mongodb.driver.cluster               : Exception in monitor thread while connecting to server ac-3vutvgc-shard-00-01.lkhn0mo.mongodb.net:27017

com.mongodb.MongoSocketReadTimeoutException: Timeout while receiving message
	at com.mongodb.internal.connection.InternalStreamConnection.createReadTimeoutException(InternalStreamConnection.java:824) ~[mongodb-driver-core-5.2.1.jar:na]
	at com.mongodb.internal.connection.InternalStreamConnection.translateReadException(InternalStreamConnection.java:812) ~[mongodb-driver-core-5.2.1.jar:na]
	at com.mongodb.internal.connection.InternalStreamConnection.receiveResponseBuffers(InternalStreamConnection.java:862) ~[mongodb-driver-core-5.2.1.jar:na]
	at com.mongodb.internal.connection.InternalStreamConnection.receiveCommandMessageResponse(InternalStreamConnection.java:517) ~[mongodb-driver-core-5.2.1.jar:na]
	at com.mongodb.internal.connection.InternalStreamConnection.receive(InternalStreamConnection.java:469) ~[mongodb-driver-core-5.2.1.jar:na]
	at com.mongodb.internal.connection.DefaultServerMonitor$ServerMonitor.lookupServerDescription(DefaultServerMonitor.java:249) ~[mongodb-driver-core-5.2.1.jar:na]
	at com.mongodb.internal.connection.DefaultServerMonitor$ServerMonitor.run(DefaultServerMonitor.java:176) ~[mongodb-driver-core-5.2.1.jar:na]
Caused by: java.net.SocketTimeoutException: Read timed out
	at java.base/sun.nio.ch.NioSocketImpl.timedRead(NioSocketImpl.java:278) ~[na:na]
	at java.base/sun.nio.ch.NioSocketImpl.implRead(NioSocketImpl.java:304) ~[na:na]
	at java.base/sun.nio.ch.NioSocketImpl.read(NioSocketImpl.java:346) ~[na:na]
	at java.base/sun.nio.ch.NioSocketImpl$1.read(NioSocketImpl.java:796) ~[na:na]
	at java.base/java.net.Socket$SocketInputStream.read(Socket.java:1099) ~[na:na]
	at java.base/sun.security.ssl.SSLSocketInputRecord.read(SSLSocketInputRecord.java:489) ~[na:na]
	at java.base/sun.security.ssl.SSLSocketInputRecord.readHeader(SSLSocketInputRecord.java:483) ~[na:na]
	at java.base/sun.security.ssl.SSLSocketInputRecord.bytesInCompletePacket(SSLSocketInputRecord.java:70) ~[na:na]
	at java.base/sun.security.ssl.SSLSocketImpl.readApplicationRecord(SSLSocketImpl.java:1461) ~[na:na]
	at java.base/sun.security.ssl.SSLSocketImpl$AppInputStream.read(SSLSocketImpl.java:1066) ~[na:na]
	at com.mongodb.internal.connection.SocketStream.read(SocketStream.java:182) ~[mongodb-driver-core-5.2.1.jar:na]
	at com.mongodb.internal.connection.InternalStreamConnection.receiveResponseBuffers(InternalStreamConnection.java:829) ~[mongodb-driver-core-5.2.1.jar:na]
	... 4 common frames omitted

2025-05-14T18:32:55.606+05:30  INFO 1259 --- [LMSBackend] [cluster-ClusterId{value='682426902851a146caa2943d', description='Cluster0'}-ac-3vutvgc-shard-00-01.lkhn0mo.mongodb.net:27017] org.mongodb.driver.cluster               : Exception in monitor thread while connecting to server ac-3vutvgc-shard-00-01.lkhn0mo.mongodb.net:27017

com.mongodb.MongoSocketException: ac-3vutvgc-shard-00-01.lkhn0mo.mongodb.net: nodename nor servname provided, or not known
	at com.mongodb.internal.connection.ServerAddressHelper.getSocketAddresses(ServerAddressHelper.java:75) ~[mongodb-driver-core-5.2.1.jar:na]
	at com.mongodb.internal.connection.SocketStream.initializeSocket(SocketStream.java:100) ~[mongodb-driver-core-5.2.1.jar:na]
	at com.mongodb.internal.connection.SocketStream.open(SocketStream.java:79) ~[mongodb-driver-core-5.2.1.jar:na]
	at com.mongodb.internal.connection.InternalStreamConnection.open(InternalStreamConnection.java:233) ~[mongodb-driver-core-5.2.1.jar:na]
	at com.mongodb.internal.connection.DefaultServerMonitor$ServerMonitor.lookupServerDescription(DefaultServerMonitor.java:219) ~[mongodb-driver-core-5.2.1.jar:na]
	at com.mongodb.internal.connection.DefaultServerMonitor$ServerMonitor.run(DefaultServerMonitor.java:176) ~[mongodb-driver-core-5.2.1.jar:na]
Caused by: java.net.UnknownHostException: ac-3vutvgc-shard-00-01.lkhn0mo.mongodb.net: nodename nor servname provided, or not known
	at java.base/java.net.Inet6AddressImpl.lookupAllHostAddr(Native Method) ~[na:na]
	at java.base/java.net.Inet6AddressImpl.lookupAllHostAddr(Inet6AddressImpl.java:52) ~[na:na]
	at java.base/java.net.InetAddress$PlatformResolver.lookupByName(InetAddress.java:1211) ~[na:na]
	at java.base/java.net.InetAddress.getAddressesFromNameService(InetAddress.java:1828) ~[na:na]
	at java.base/java.net.InetAddress$NameServiceAddresses.get(InetAddress.java:1139) ~[na:na]
	at java.base/java.net.InetAddress.getAllByName0(InetAddress.java:1818) ~[na:na]
	at java.base/java.net.InetAddress.getAllByName(InetAddress.java:1688) ~[na:na]
	at com.mongodb.internal.connection.DefaultInetAddressResolver.lookupByName(DefaultInetAddressResolver.java:34) ~[mongodb-driver-core-5.2.1.jar:na]
	at com.mongodb.internal.connection.ServerAddressHelper.getSocketAddresses(ServerAddressHelper.java:71) ~[mongodb-driver-core-5.2.1.jar:na]
	... 5 common frames omitted

2025-05-14T18:32:55.825+05:30  INFO 1259 --- [LMSBackend] [cluster-ClusterId{value='682426902851a146caa2943d', description='Cluster0'}-ac-3vutvgc-shard-00-00.lkhn0mo.mongodb.net:27017] org.mongodb.driver.cluster               : Exception in monitor thread while connecting to server ac-3vutvgc-shard-00-00.lkhn0mo.mongodb.net:27017

com.mongodb.MongoSocketReadTimeoutException: Timeout while receiving message
	at com.mongodb.internal.connection.InternalStreamConnection.createReadTimeoutException(InternalStreamConnection.java:824) ~[mongodb-driver-core-5.2.1.jar:na]
	at com.mongodb.internal.connection.InternalStreamConnection.translateReadException(InternalStreamConnection.java:812) ~[mongodb-driver-core-5.2.1.jar:na]
	at com.mongodb.internal.connection.InternalStreamConnection.receiveResponseBuffers(InternalStreamConnection.java:862) ~[mongodb-driver-core-5.2.1.jar:na]
	at com.mongodb.internal.connection.InternalStreamConnection.receiveCommandMessageResponse(InternalStreamConnection.java:517) ~[mongodb-driver-core-5.2.1.jar:na]
	at com.mongodb.internal.connection.InternalStreamConnection.receive(InternalStreamConnection.java:469) ~[mongodb-driver-core-5.2.1.jar:na]
	at com.mongodb.internal.connection.DefaultServerMonitor$ServerMonitor.lookupServerDescription(DefaultServerMonitor.java:249) ~[mongodb-driver-core-5.2.1.jar:na]
	at com.mongodb.internal.connection.DefaultServerMonitor$ServerMonitor.run(DefaultServerMonitor.java:176) ~[mongodb-driver-core-5.2.1.jar:na]
Caused by: java.net.SocketTimeoutException: Read timed out
	at java.base/sun.nio.ch.NioSocketImpl.timedRead(NioSocketImpl.java:278) ~[na:na]
	at java.base/sun.nio.ch.NioSocketImpl.implRead(NioSocketImpl.java:304) ~[na:na]
	at java.base/sun.nio.ch.NioSocketImpl.read(NioSocketImpl.java:346) ~[na:na]
	at java.base/sun.nio.ch.NioSocketImpl$1.read(NioSocketImpl.java:796) ~[na:na]
	at java.base/java.net.Socket$SocketInputStream.read(Socket.java:1099) ~[na:na]
	at java.base/sun.security.ssl.SSLSocketInputRecord.read(SSLSocketInputRecord.java:489) ~[na:na]
	at java.base/sun.security.ssl.SSLSocketInputRecord.readHeader(SSLSocketInputRecord.java:483) ~[na:na]
	at java.base/sun.security.ssl.SSLSocketInputRecord.bytesInCompletePacket(SSLSocketInputRecord.java:70) ~[na:na]
	at java.base/sun.security.ssl.SSLSocketImpl.readApplicationRecord(SSLSocketImpl.java:1461) ~[na:na]
	at java.base/sun.security.ssl.SSLSocketImpl$AppInputStream.read(SSLSocketImpl.java:1066) ~[na:na]
	at com.mongodb.internal.connection.SocketStream.read(SocketStream.java:182) ~[mongodb-driver-core-5.2.1.jar:na]
	at com.mongodb.internal.connection.InternalStreamConnection.receiveResponseBuffers(InternalStreamConnection.java:829) ~[mongodb-driver-core-5.2.1.jar:na]
	... 4 common frames omitted

2025-05-14T18:32:55.830+05:30  INFO 1259 --- [LMSBackend] [cluster-ClusterId{value='682426902851a146caa2943d', description='Cluster0'}-ac-3vutvgc-shard-00-00.lkhn0mo.mongodb.net:27017] org.mongodb.driver.cluster               : Exception in monitor thread while connecting to server ac-3vutvgc-shard-00-00.lkhn0mo.mongodb.net:27017

com.mongodb.MongoSocketException: ac-3vutvgc-shard-00-00.lkhn0mo.mongodb.net: nodename nor servname provided, or not known
	at com.mongodb.internal.connection.ServerAddressHelper.getSocketAddresses(ServerAddressHelper.java:75) ~[mongodb-driver-core-5.2.1.jar:na]
	at com.mongodb.internal.connection.SocketStream.initializeSocket(SocketStream.java:100) ~[mongodb-driver-core-5.2.1.jar:na]
	at com.mongodb.internal.connection.SocketStream.open(SocketStream.java:79) ~[mongodb-driver-core-5.2.1.jar:na]
	at com.mongodb.internal.connection.InternalStreamConnection.open(InternalStreamConnection.java:233) ~[mongodb-driver-core-5.2.1.jar:na]
	at com.mongodb.internal.connection.DefaultServerMonitor$ServerMonitor.lookupServerDescription(DefaultServerMonitor.java:219) ~[mongodb-driver-core-5.2.1.jar:na]
	at com.mongodb.internal.connection.DefaultServerMonitor$ServerMonitor.run(DefaultServerMonitor.java:176) ~[mongodb-driver-core-5.2.1.jar:na]
Caused by: java.net.UnknownHostException: ac-3vutvgc-shard-00-00.lkhn0mo.mongodb.net: nodename nor servname provided, or not known
	at java.base/java.net.Inet6AddressImpl.lookupAllHostAddr(Native Method) ~[na:na]
	at java.base/java.net.Inet6AddressImpl.lookupAllHostAddr(Inet6AddressImpl.java:52) ~[na:na]
	at java.base/java.net.InetAddress$PlatformResolver.lookupByName(InetAddress.java:1211) ~[na:na]
	at java.base/java.net.InetAddress.getAddressesFromNameService(InetAddress.java:1828) ~[na:na]
	at java.base/java.net.InetAddress$NameServiceAddresses.get(InetAddress.java:1139) ~[na:na]
	at java.base/java.net.InetAddress.getAllByName0(InetAddress.java:1818) ~[na:na]
	at java.base/java.net.InetAddress.getAllByName(InetAddress.java:1688) ~[na:na]
	at com.mongodb.internal.connection.DefaultInetAddressResolver.lookupByName(DefaultInetAddressResolver.java:34) ~[mongodb-driver-core-5.2.1.jar:na]
	at com.mongodb.internal.connection.ServerAddressHelper.getSocketAddresses(ServerAddressHelper.java:71) ~[mongodb-driver-core-5.2.1.jar:na]
	... 5 common frames omitted

2025-05-14T18:52:01.097+05:30  INFO 1259 --- [LMSBackend] [cluster-ClusterId{value='682426902851a146caa2943d', description='Cluster0'}-ac-3vutvgc-shard-00-00.lkhn0mo.mongodb.net:27017] org.mongodb.driver.cluster               : Monitor thread successfully connected to server with description ServerDescription{address=ac-3vutvgc-shard-00-00.lkhn0mo.mongodb.net:27017, type=REPLICA_SET_SECONDARY, cryptd=false, state=CONNECTED, ok=true, minWireVersion=0, maxWireVersion=25, maxDocumentSize=16777216, logicalSessionTimeoutMinutes=30, roundTripTimeNanos=672506375, minRoundTripTimeNanos=0, setName='atlas-jzobop-shard-0', canonicalAddress=ac-3vutvgc-shard-00-00.lkhn0mo.mongodb.net:27017, hosts=[ac-3vutvgc-shard-00-00.lkhn0mo.mongodb.net:27017, ac-3vutvgc-shard-00-01.lkhn0mo.mongodb.net:27017, ac-3vutvgc-shard-00-02.lkhn0mo.mongodb.net:27017], passives=[], arbiters=[], primary='ac-3vutvgc-shard-00-01.lkhn0mo.mongodb.net:27017', tagSet=TagSet{[Tag{name='availabilityZone', value='aps1-az1'}, Tag{name='diskState', value='READY'}, Tag{name='nodeType', value='ELECTABLE'}, Tag{name='provider', value='AWS'}, Tag{name='region', value='AP_SOUTH_1'}, Tag{name='workloadType', value='OPERATIONAL'}]}, electionId=null, setVersion=1, topologyVersion=TopologyVersion{processId=6824285cf3eef22bd9a70422, counter=4}, lastWriteDate=Wed May 14 18:52:00 IST 2025, lastUpdateTimeNanos=29281518608375}
2025-05-14T18:52:01.626+05:30  INFO 1259 --- [LMSBackend] [cluster-ClusterId{value='682426902851a146caa2943d', description='Cluster0'}-ac-3vutvgc-shard-00-01.lkhn0mo.mongodb.net:27017] org.mongodb.driver.cluster               : Monitor thread successfully connected to server with description ServerDescription{address=ac-3vutvgc-shard-00-01.lkhn0mo.mongodb.net:27017, type=REPLICA_SET_PRIMARY, cryptd=false, state=CONNECTED, ok=true, minWireVersion=0, maxWireVersion=25, maxDocumentSize=16777216, logicalSessionTimeoutMinutes=30, roundTripTimeNanos=158567834, minRoundTripTimeNanos=0, setName='atlas-jzobop-shard-0', canonicalAddress=ac-3vutvgc-shard-00-01.lkhn0mo.mongodb.net:27017, hosts=[ac-3vutvgc-shard-00-00.lkhn0mo.mongodb.net:27017, ac-3vutvgc-shard-00-01.lkhn0mo.mongodb.net:27017, ac-3vutvgc-shard-00-02.lkhn0mo.mongodb.net:27017], passives=[], arbiters=[], primary='ac-3vutvgc-shard-00-01.lkhn0mo.mongodb.net:27017', tagSet=TagSet{[Tag{name='availabilityZone', value='aps1-az3'}, Tag{name='diskState', value='READY'}, Tag{name='nodeType', value='ELECTABLE'}, Tag{name='provider', value='AWS'}, Tag{name='region', value='AP_SOUTH_1'}, Tag{name='workloadType', value='OPERATIONAL'}]}, electionId=7fffffff0000000000000023, setVersion=1, topologyVersion=TopologyVersion{processId=682429d087b591a2ee67e6ea, counter=6}, lastWriteDate=Wed May 14 18:52:00 IST 2025, lastUpdateTimeNanos=29282074660916}
2025-05-14T18:52:01.627+05:30  INFO 1259 --- [LMSBackend] [cluster-ClusterId{value='682426902851a146caa2943d', description='Cluster0'}-ac-3vutvgc-shard-00-01.lkhn0mo.mongodb.net:27017] org.mongodb.driver.cluster               : Discovered replica set primary ac-3vutvgc-shard-00-01.lkhn0mo.mongodb.net:27017 with max election id 7fffffff0000000000000023 and max set version 1
2025-05-14T18:52:07.310+05:30  INFO 1259 --- [LMSBackend] [cluster-ClusterId{value='682426902851a146caa2943d', description='Cluster0'}-ac-3vutvgc-shard-00-02.lkhn0mo.mongodb.net:27017] org.mongodb.driver.cluster               : Monitor thread successfully connected to server with description ServerDescription{address=ac-3vutvgc-shard-00-02.lkhn0mo.mongodb.net:27017, type=REPLICA_SET_SECONDARY, cryptd=false, state=CONNECTED, ok=true, minWireVersion=0, maxWireVersion=25, maxDocumentSize=16777216, logicalSessionTimeoutMinutes=30, roundTripTimeNanos=122312208, minRoundTripTimeNanos=0, setName='atlas-jzobop-shard-0', canonicalAddress=ac-3vutvgc-shard-00-02.lkhn0mo.mongodb.net:27017, hosts=[ac-3vutvgc-shard-00-00.lkhn0mo.mongodb.net:27017, ac-3vutvgc-shard-00-01.lkhn0mo.mongodb.net:27017, ac-3vutvgc-shard-00-02.lkhn0mo.mongodb.net:27017], passives=[], arbiters=[], primary='ac-3vutvgc-shard-00-01.lkhn0mo.mongodb.net:27017', tagSet=TagSet{[Tag{name='availabilityZone', value='aps1-az2'}, Tag{name='diskState', value='READY'}, Tag{name='nodeType', value='ELECTABLE'}, Tag{name='provider', value='AWS'}, Tag{name='region', value='AP_SOUTH_1'}, Tag{name='workloadType', value='OPERATIONAL'}]}, electionId=null, setVersion=1, topologyVersion=TopologyVersion{processId=68242b1adb8fbfa87be25934, counter=3}, lastWriteDate=Wed May 14 18:52:07 IST 2025, lastUpdateTimeNanos=29287747646125}
2025-05-14T18:52:21.129+05:30  INFO 1259 --- [LMSBackend] [cluster-ClusterId{value='682426902851a146caa2943d', description='Cluster0'}-ac-3vutvgc-shard-00-00.lkhn0mo.mongodb.net:27017] org.mongodb.driver.cluster               : Exception in monitor thread while connecting to server ac-3vutvgc-shard-00-00.lkhn0mo.mongodb.net:27017

com.mongodb.MongoSocketReadTimeoutException: Timeout while receiving message
	at com.mongodb.internal.connection.InternalStreamConnection.createReadTimeoutException(InternalStreamConnection.java:824) ~[mongodb-driver-core-5.2.1.jar:na]
	at com.mongodb.internal.connection.InternalStreamConnection.translateReadException(InternalStreamConnection.java:812) ~[mongodb-driver-core-5.2.1.jar:na]
	at com.mongodb.internal.connection.InternalStreamConnection.receiveResponseBuffers(InternalStreamConnection.java:862) ~[mongodb-driver-core-5.2.1.jar:na]
	at com.mongodb.internal.connection.InternalStreamConnection.receiveCommandMessageResponse(InternalStreamConnection.java:517) ~[mongodb-driver-core-5.2.1.jar:na]
	at com.mongodb.internal.connection.InternalStreamConnection.receive(InternalStreamConnection.java:469) ~[mongodb-driver-core-5.2.1.jar:na]
	at com.mongodb.internal.connection.DefaultServerMonitor$ServerMonitor.lookupServerDescription(DefaultServerMonitor.java:249) ~[mongodb-driver-core-5.2.1.jar:na]
	at com.mongodb.internal.connection.DefaultServerMonitor$ServerMonitor.run(DefaultServerMonitor.java:176) ~[mongodb-driver-core-5.2.1.jar:na]
Caused by: java.net.SocketTimeoutException: Read timed out
	at java.base/sun.nio.ch.NioSocketImpl.timedRead(NioSocketImpl.java:278) ~[na:na]
	at java.base/sun.nio.ch.NioSocketImpl.implRead(NioSocketImpl.java:304) ~[na:na]
	at java.base/sun.nio.ch.NioSocketImpl.read(NioSocketImpl.java:346) ~[na:na]
	at java.base/sun.nio.ch.NioSocketImpl$1.read(NioSocketImpl.java:796) ~[na:na]
	at java.base/java.net.Socket$SocketInputStream.read(Socket.java:1099) ~[na:na]
	at java.base/sun.security.ssl.SSLSocketInputRecord.read(SSLSocketInputRecord.java:489) ~[na:na]
	at java.base/sun.security.ssl.SSLSocketInputRecord.readHeader(SSLSocketInputRecord.java:483) ~[na:na]
	at java.base/sun.security.ssl.SSLSocketInputRecord.bytesInCompletePacket(SSLSocketInputRecord.java:70) ~[na:na]
	at java.base/sun.security.ssl.SSLSocketImpl.readApplicationRecord(SSLSocketImpl.java:1461) ~[na:na]
	at java.base/sun.security.ssl.SSLSocketImpl$AppInputStream.read(SSLSocketImpl.java:1066) ~[na:na]
	at com.mongodb.internal.connection.SocketStream.read(SocketStream.java:182) ~[mongodb-driver-core-5.2.1.jar:na]
	at com.mongodb.internal.connection.InternalStreamConnection.receiveResponseBuffers(InternalStreamConnection.java:829) ~[mongodb-driver-core-5.2.1.jar:na]
	... 4 common frames omitted

2025-05-14T18:52:21.276+05:30  INFO 1259 --- [LMSBackend] [cluster-ClusterId{value='682426902851a146caa2943d', description='Cluster0'}-ac-3vutvgc-shard-00-00.lkhn0mo.mongodb.net:27017] org.mongodb.driver.cluster               : Monitor thread successfully connected to server with description ServerDescription{address=ac-3vutvgc-shard-00-00.lkhn0mo.mongodb.net:27017, type=REPLICA_SET_SECONDARY, cryptd=false, state=CONNECTED, ok=true, minWireVersion=0, maxWireVersion=25, maxDocumentSize=16777216, logicalSessionTimeoutMinutes=30, roundTripTimeNanos=85520791, minRoundTripTimeNanos=0, setName='atlas-jzobop-shard-0', canonicalAddress=ac-3vutvgc-shard-00-00.lkhn0mo.mongodb.net:27017, hosts=[ac-3vutvgc-shard-00-00.lkhn0mo.mongodb.net:27017, ac-3vutvgc-shard-00-01.lkhn0mo.mongodb.net:27017, ac-3vutvgc-shard-00-02.lkhn0mo.mongodb.net:27017], passives=[], arbiters=[], primary='ac-3vutvgc-shard-00-01.lkhn0mo.mongodb.net:27017', tagSet=TagSet{[Tag{name='availabilityZone', value='aps1-az1'}, Tag{name='diskState', value='READY'}, Tag{name='nodeType', value='ELECTABLE'}, Tag{name='provider', value='AWS'}, Tag{name='region', value='AP_SOUTH_1'}, Tag{name='workloadType', value='OPERATIONAL'}]}, electionId=null, setVersion=1, topologyVersion=TopologyVersion{processId=6824285cf3eef22bd9a70422, counter=4}, lastWriteDate=Wed May 14 18:52:07 IST 2025, lastUpdateTimeNanos=29301701265625}
2025-05-14T18:55:03.593+05:30  INFO 1259 --- [LMSBackend] [SpringApplicationShutdownHook] o.s.b.w.e.tomcat.GracefulShutdown        : Commencing graceful shutdown. Waiting for active requests to complete
2025-05-14T18:55:03.610+05:30  INFO 1259 --- [LMSBackend] [tomcat-shutdown] o.s.b.w.e.tomcat.GracefulShutdown        : Graceful shutdown complete
